[0.005s] Invoking command in '/home/weixuan/capstone/simulation/crazyflie_mapping_demo/ros2_ws/build/crazyflie_ros2_multiranger_bringup': AMENT_PREFIX_PATH=/home/weixuan/capstone/simulation/crazyflie_mapping_demo/ros2_ws/install/ros_gz_crazyflie_bringup:/home/weixuan/capstone/simulation/crazyflie_mapping_demo/ros2_ws/install/ros_gz_crazyflie_gazebo:${AMENT_PREFIX_PATH} CMAKE_PREFIX_PATH=/home/weixuan/capstone/simulation/crazyflie_mapping_demo/ros2_ws/install/ros_gz_crazyflie_bringup:/home/weixuan/capstone/simulation/crazyflie_mapping_demo/ros2_ws/install/ros_gz_crazyflie_gazebo:/opt/ros/humble /usr/bin/cmake /home/weixuan/capstone/simulation/crazyflie_mapping_demo/ros2_ws/src/crazyflie_ros2_multiranger/crazyflie_ros2_multiranger_bringup -DBUILD_TESTING=ON -DCMAKE_INSTALL_PREFIX=/home/weixuan/capstone/simulation/crazyflie_mapping_demo/ros2_ws/install/crazyflie_ros2_multiranger_bringup
[0.043s] -- The C compiler identification is GNU 11.4.0
[0.083s] -- The CXX compiler identification is GNU 11.4.0
[0.087s] -- Detecting C compiler ABI info
[0.137s] -- Detecting C compiler ABI info - done
[0.143s] -- Check for working C compiler: /usr/bin/cc - skipped
[0.143s] -- Detecting C compile features
[0.143s] -- Detecting C compile features - done
[0.145s] -- Detecting CXX compiler ABI info
[0.201s] -- Detecting CXX compiler ABI info - done
[0.205s] -- Check for working CXX compiler: /usr/bin/c++ - skipped
[0.205s] -- Detecting CXX compile features
[0.205s] -- Detecting CXX compile features - done
[0.207s] -- Found ament_cmake: 1.3.12 (/opt/ros/humble/share/ament_cmake/cmake)
[0.309s] -- Found Python3: /usr/bin/python3 (found version "3.10.12") found components: Interpreter 
[0.363s] -- Found ros_gz_crazyflie_bringup: 0.0.0 (/home/weixuan/capstone/simulation/crazyflie_mapping_demo/ros2_ws/install/ros_gz_crazyflie_bringup/share/ros_gz_crazyflie_bringup/cmake)
[0.364s] -- Found ament_lint_auto: 0.12.14 (/opt/ros/humble/share/ament_lint_auto/cmake)
[0.414s] -- Configuring done
[0.416s] -- Generating done
[0.416s] -- Build files have been written to: /home/weixuan/capstone/simulation/crazyflie_mapping_demo/ros2_ws/build/crazyflie_ros2_multiranger_bringup
[0.420s] Invoked command in '/home/weixuan/capstone/simulation/crazyflie_mapping_demo/ros2_ws/build/crazyflie_ros2_multiranger_bringup' returned '0': AMENT_PREFIX_PATH=/home/weixuan/capstone/simulation/crazyflie_mapping_demo/ros2_ws/install/ros_gz_crazyflie_bringup:/home/weixuan/capstone/simulation/crazyflie_mapping_demo/ros2_ws/install/ros_gz_crazyflie_gazebo:${AMENT_PREFIX_PATH} CMAKE_PREFIX_PATH=/home/weixuan/capstone/simulation/crazyflie_mapping_demo/ros2_ws/install/ros_gz_crazyflie_bringup:/home/weixuan/capstone/simulation/crazyflie_mapping_demo/ros2_ws/install/ros_gz_crazyflie_gazebo:/opt/ros/humble /usr/bin/cmake /home/weixuan/capstone/simulation/crazyflie_mapping_demo/ros2_ws/src/crazyflie_ros2_multiranger/crazyflie_ros2_multiranger_bringup -DBUILD_TESTING=ON -DCMAKE_INSTALL_PREFIX=/home/weixuan/capstone/simulation/crazyflie_mapping_demo/ros2_ws/install/crazyflie_ros2_multiranger_bringup
[0.421s] Invoking command in '/home/weixuan/capstone/simulation/crazyflie_mapping_demo/ros2_ws/build/crazyflie_ros2_multiranger_bringup': AMENT_PREFIX_PATH=/home/weixuan/capstone/simulation/crazyflie_mapping_demo/ros2_ws/install/ros_gz_crazyflie_bringup:/home/weixuan/capstone/simulation/crazyflie_mapping_demo/ros2_ws/install/ros_gz_crazyflie_gazebo:${AMENT_PREFIX_PATH} CMAKE_PREFIX_PATH=/home/weixuan/capstone/simulation/crazyflie_mapping_demo/ros2_ws/install/ros_gz_crazyflie_bringup:/home/weixuan/capstone/simulation/crazyflie_mapping_demo/ros2_ws/install/ros_gz_crazyflie_gazebo:/opt/ros/humble /usr/bin/cmake --build /home/weixuan/capstone/simulation/crazyflie_mapping_demo/ros2_ws/build/crazyflie_ros2_multiranger_bringup -- -j12 -l12
[0.448s] Invoked command in '/home/weixuan/capstone/simulation/crazyflie_mapping_demo/ros2_ws/build/crazyflie_ros2_multiranger_bringup' returned '0': AMENT_PREFIX_PATH=/home/weixuan/capstone/simulation/crazyflie_mapping_demo/ros2_ws/install/ros_gz_crazyflie_bringup:/home/weixuan/capstone/simulation/crazyflie_mapping_demo/ros2_ws/install/ros_gz_crazyflie_gazebo:${AMENT_PREFIX_PATH} CMAKE_PREFIX_PATH=/home/weixuan/capstone/simulation/crazyflie_mapping_demo/ros2_ws/install/ros_gz_crazyflie_bringup:/home/weixuan/capstone/simulation/crazyflie_mapping_demo/ros2_ws/install/ros_gz_crazyflie_gazebo:/opt/ros/humble /usr/bin/cmake --build /home/weixuan/capstone/simulation/crazyflie_mapping_demo/ros2_ws/build/crazyflie_ros2_multiranger_bringup -- -j12 -l12
[0.450s] Invoking command in '/home/weixuan/capstone/simulation/crazyflie_mapping_demo/ros2_ws/build/crazyflie_ros2_multiranger_bringup': AMENT_PREFIX_PATH=/home/weixuan/capstone/simulation/crazyflie_mapping_demo/ros2_ws/install/ros_gz_crazyflie_bringup:/home/weixuan/capstone/simulation/crazyflie_mapping_demo/ros2_ws/install/ros_gz_crazyflie_gazebo:${AMENT_PREFIX_PATH} CMAKE_PREFIX_PATH=/home/weixuan/capstone/simulation/crazyflie_mapping_demo/ros2_ws/install/ros_gz_crazyflie_bringup:/home/weixuan/capstone/simulation/crazyflie_mapping_demo/ros2_ws/install/ros_gz_crazyflie_gazebo:/opt/ros/humble /usr/bin/cmake --install /home/weixuan/capstone/simulation/crazyflie_mapping_demo/ros2_ws/build/crazyflie_ros2_multiranger_bringup
[0.455s] -- Install configuration: ""
[0.455s] -- Installing: /home/weixuan/capstone/simulation/crazyflie_mapping_demo/ros2_ws/install/crazyflie_ros2_multiranger_bringup/share/crazyflie_ros2_multiranger_bringup//launch
[0.455s] -- Installing: /home/weixuan/capstone/simulation/crazyflie_mapping_demo/ros2_ws/install/crazyflie_ros2_multiranger_bringup/share/crazyflie_ros2_multiranger_bringup//launch/wall_follower_mapper_real.launch.py
[0.455s] -- Installing: /home/weixuan/capstone/simulation/crazyflie_mapping_demo/ros2_ws/install/crazyflie_ros2_multiranger_bringup/share/crazyflie_ros2_multiranger_bringup//launch/simple_mapper_simulation.launch.py
[0.455s] -- Installing: /home/weixuan/capstone/simulation/crazyflie_mapping_demo/ros2_ws/install/crazyflie_ros2_multiranger_bringup/share/crazyflie_ros2_multiranger_bringup//launch/simple_mapper_real.launch.py
[0.455s] -- Installing: /home/weixuan/capstone/simulation/crazyflie_mapping_demo/ros2_ws/install/crazyflie_ros2_multiranger_bringup/share/crazyflie_ros2_multiranger_bringup//launch/wall_follower_mapper_simulation.launch.py
[0.455s] -- Installing: /home/weixuan/capstone/simulation/crazyflie_mapping_demo/ros2_ws/install/crazyflie_ros2_multiranger_bringup/share/crazyflie_ros2_multiranger_bringup//config
[0.455s] -- Installing: /home/weixuan/capstone/simulation/crazyflie_mapping_demo/ros2_ws/install/crazyflie_ros2_multiranger_bringup/share/crazyflie_ros2_multiranger_bringup//config/real_mapping.rviz
[0.455s] -- Installing: /home/weixuan/capstone/simulation/crazyflie_mapping_demo/ros2_ws/install/crazyflie_ros2_multiranger_bringup/share/crazyflie_ros2_multiranger_bringup//config/crazyflie_real_crazyswarm2.yaml
[0.455s] -- Installing: /home/weixuan/capstone/simulation/crazyflie_mapping_demo/ros2_ws/install/crazyflie_ros2_multiranger_bringup/share/crazyflie_ros2_multiranger_bringup//config/sim_mapping.rviz
[0.456s] -- Installing: /home/weixuan/capstone/simulation/crazyflie_mapping_demo/ros2_ws/install/crazyflie_ros2_multiranger_bringup/share/ament_index/resource_index/package_run_dependencies/crazyflie_ros2_multiranger_bringup
[0.456s] -- Installing: /home/weixuan/capstone/simulation/crazyflie_mapping_demo/ros2_ws/install/crazyflie_ros2_multiranger_bringup/share/ament_index/resource_index/parent_prefix_path/crazyflie_ros2_multiranger_bringup
[0.456s] -- Installing: /home/weixuan/capstone/simulation/crazyflie_mapping_demo/ros2_ws/install/crazyflie_ros2_multiranger_bringup/share/crazyflie_ros2_multiranger_bringup/environment/ament_prefix_path.sh
[0.456s] -- Installing: /home/weixuan/capstone/simulation/crazyflie_mapping_demo/ros2_ws/install/crazyflie_ros2_multiranger_bringup/share/crazyflie_ros2_multiranger_bringup/environment/ament_prefix_path.dsv
[0.456s] -- Installing: /home/weixuan/capstone/simulation/crazyflie_mapping_demo/ros2_ws/install/crazyflie_ros2_multiranger_bringup/share/crazyflie_ros2_multiranger_bringup/environment/path.sh
[0.456s] -- Installing: /home/weixuan/capstone/simulation/crazyflie_mapping_demo/ros2_ws/install/crazyflie_ros2_multiranger_bringup/share/crazyflie_ros2_multiranger_bringup/environment/path.dsv
[0.456s] -- Installing: /home/weixuan/capstone/simulation/crazyflie_mapping_demo/ros2_ws/install/crazyflie_ros2_multiranger_bringup/share/crazyflie_ros2_multiranger_bringup/local_setup.bash
[0.456s] -- Installing: /home/weixuan/capstone/simulation/crazyflie_mapping_demo/ros2_ws/install/crazyflie_ros2_multiranger_bringup/share/crazyflie_ros2_multiranger_bringup/local_setup.sh
[0.456s] -- Installing: /home/weixuan/capstone/simulation/crazyflie_mapping_demo/ros2_ws/install/crazyflie_ros2_multiranger_bringup/share/crazyflie_ros2_multiranger_bringup/local_setup.zsh
[0.456s] -- Installing: /home/weixuan/capstone/simulation/crazyflie_mapping_demo/ros2_ws/install/crazyflie_ros2_multiranger_bringup/share/crazyflie_ros2_multiranger_bringup/local_setup.dsv
[0.456s] -- Installing: /home/weixuan/capstone/simulation/crazyflie_mapping_demo/ros2_ws/install/crazyflie_ros2_multiranger_bringup/share/crazyflie_ros2_multiranger_bringup/package.dsv
[0.456s] -- Installing: /home/weixuan/capstone/simulation/crazyflie_mapping_demo/ros2_ws/install/crazyflie_ros2_multiranger_bringup/share/ament_index/resource_index/packages/crazyflie_ros2_multiranger_bringup
[0.456s] -- Installing: /home/weixuan/capstone/simulation/crazyflie_mapping_demo/ros2_ws/install/crazyflie_ros2_multiranger_bringup/share/crazyflie_ros2_multiranger_bringup/cmake/crazyflie_ros2_multiranger_bringupConfig.cmake
[0.456s] -- Installing: /home/weixuan/capstone/simulation/crazyflie_mapping_demo/ros2_ws/install/crazyflie_ros2_multiranger_bringup/share/crazyflie_ros2_multiranger_bringup/cmake/crazyflie_ros2_multiranger_bringupConfig-version.cmake
[0.456s] -- Installing: /home/weixuan/capstone/simulation/crazyflie_mapping_demo/ros2_ws/install/crazyflie_ros2_multiranger_bringup/share/crazyflie_ros2_multiranger_bringup/package.xml
[0.457s] Invoked command in '/home/weixuan/capstone/simulation/crazyflie_mapping_demo/ros2_ws/build/crazyflie_ros2_multiranger_bringup' returned '0': AMENT_PREFIX_PATH=/home/weixuan/capstone/simulation/crazyflie_mapping_demo/ros2_ws/install/ros_gz_crazyflie_bringup:/home/weixuan/capstone/simulation/crazyflie_mapping_demo/ros2_ws/install/ros_gz_crazyflie_gazebo:${AMENT_PREFIX_PATH} CMAKE_PREFIX_PATH=/home/weixuan/capstone/simulation/crazyflie_mapping_demo/ros2_ws/install/ros_gz_crazyflie_bringup:/home/weixuan/capstone/simulation/crazyflie_mapping_demo/ros2_ws/install/ros_gz_crazyflie_gazebo:/opt/ros/humble /usr/bin/cmake --install /home/weixuan/capstone/simulation/crazyflie_mapping_demo/ros2_ws/build/crazyflie_ros2_multiranger_bringup
