[0.017s] Invoking command in '/home/weixuan/crazyflie_mapping_demo/ros2_ws/build/ros_gz_crazyflie_gazebo': CMAKE_PREFIX_PATH=${CMAKE_PREFIX_PATH}:/home/weixuan/crazyflie_mapping_demo/ros2_ws/install/ros_gz_crazyflie_control:/home/weixuan/crazyflie_mapping_demo/ros2_ws/install/crazyflie_ros2_multiranger_wall_following:/home/weixuan/crazyflie_mapping_demo/ros2_ws/install/crazyflie_ros2_multiranger_simple_mapper:/home/weixuan/crazyflie_mapping_demo/ros2_ws/install/crazyflie_py:/opt/ros/humble /usr/bin/cmake --build /home/weixuan/crazyflie_mapping_demo/ros2_ws/build/ros_gz_crazyflie_gazebo -- -j12 -l12
[0.629s] Invoked command in '/home/weixuan/crazyflie_mapping_demo/ros2_ws/build/ros_gz_crazyflie_gazebo' returned '0': CMAKE_PREFIX_PATH=${CMAKE_PREFIX_PATH}:/home/weixuan/crazyflie_mapping_demo/ros2_ws/install/ros_gz_crazyflie_control:/home/weixuan/crazyflie_mapping_demo/ros2_ws/install/crazyflie_ros2_multiranger_wall_following:/home/weixuan/crazyflie_mapping_demo/ros2_ws/install/crazyflie_ros2_multiranger_simple_mapper:/home/weixuan/crazyflie_mapping_demo/ros2_ws/install/crazyflie_py:/opt/ros/humble /usr/bin/cmake --build /home/weixuan/crazyflie_mapping_demo/ros2_ws/build/ros_gz_crazyflie_gazebo -- -j12 -l12
[0.639s] Invoking command in '/home/weixuan/crazyflie_mapping_demo/ros2_ws/build/ros_gz_crazyflie_gazebo': CMAKE_PREFIX_PATH=${CMAKE_PREFIX_PATH}:/home/weixuan/crazyflie_mapping_demo/ros2_ws/install/ros_gz_crazyflie_control:/home/weixuan/crazyflie_mapping_demo/ros2_ws/install/crazyflie_ros2_multiranger_wall_following:/home/weixuan/crazyflie_mapping_demo/ros2_ws/install/crazyflie_ros2_multiranger_simple_mapper:/home/weixuan/crazyflie_mapping_demo/ros2_ws/install/crazyflie_py:/opt/ros/humble /usr/bin/cmake --install /home/weixuan/crazyflie_mapping_demo/ros2_ws/build/ros_gz_crazyflie_gazebo
[0.646s] -- Install configuration: ""
[0.646s] -- Up-to-date: /home/weixuan/crazyflie_mapping_demo/ros2_ws/install/ros_gz_crazyflie_gazebo/share/ros_gz_crazyflie_gazebo/worlds
[0.646s] -- Up-to-date: /home/weixuan/crazyflie_mapping_demo/ros2_ws/install/ros_gz_crazyflie_gazebo/share/ros_gz_crazyflie_gazebo/worlds/crazyflie_world.sdf
[0.646s] -- Up-to-date: /home/weixuan/crazyflie_mapping_demo/ros2_ws/install/ros_gz_crazyflie_gazebo/share/ament_index/resource_index/package_run_dependencies/ros_gz_crazyflie_gazebo
[0.646s] -- Up-to-date: /home/weixuan/crazyflie_mapping_demo/ros2_ws/install/ros_gz_crazyflie_gazebo/share/ament_index/resource_index/parent_prefix_path/ros_gz_crazyflie_gazebo
[0.646s] -- Up-to-date: /home/weixuan/crazyflie_mapping_demo/ros2_ws/install/ros_gz_crazyflie_gazebo/share/ros_gz_crazyflie_gazebo/environment/ament_prefix_path.sh
[0.646s] -- Up-to-date: /home/weixuan/crazyflie_mapping_demo/ros2_ws/install/ros_gz_crazyflie_gazebo/share/ros_gz_crazyflie_gazebo/environment/ament_prefix_path.dsv
[0.646s] -- Up-to-date: /home/weixuan/crazyflie_mapping_demo/ros2_ws/install/ros_gz_crazyflie_gazebo/share/ros_gz_crazyflie_gazebo/environment/path.sh
[0.646s] -- Up-to-date: /home/weixuan/crazyflie_mapping_demo/ros2_ws/install/ros_gz_crazyflie_gazebo/share/ros_gz_crazyflie_gazebo/environment/path.dsv
[0.646s] -- Up-to-date: /home/weixuan/crazyflie_mapping_demo/ros2_ws/install/ros_gz_crazyflie_gazebo/share/ros_gz_crazyflie_gazebo/local_setup.bash
[0.647s] -- Up-to-date: /home/weixuan/crazyflie_mapping_demo/ros2_ws/install/ros_gz_crazyflie_gazebo/share/ros_gz_crazyflie_gazebo/local_setup.sh
[0.647s] -- Up-to-date: /home/weixuan/crazyflie_mapping_demo/ros2_ws/install/ros_gz_crazyflie_gazebo/share/ros_gz_crazyflie_gazebo/local_setup.zsh
[0.647s] -- Up-to-date: /home/weixuan/crazyflie_mapping_demo/ros2_ws/install/ros_gz_crazyflie_gazebo/share/ros_gz_crazyflie_gazebo/local_setup.dsv
[0.647s] -- Installing: /home/weixuan/crazyflie_mapping_demo/ros2_ws/install/ros_gz_crazyflie_gazebo/share/ros_gz_crazyflie_gazebo/package.dsv
[0.647s] -- Up-to-date: /home/weixuan/crazyflie_mapping_demo/ros2_ws/install/ros_gz_crazyflie_gazebo/share/ament_index/resource_index/packages/ros_gz_crazyflie_gazebo
[0.647s] -- Up-to-date: /home/weixuan/crazyflie_mapping_demo/ros2_ws/install/ros_gz_crazyflie_gazebo/share/ros_gz_crazyflie_gazebo/cmake/ros_gz_crazyflie_gazeboConfig.cmake
[0.647s] -- Up-to-date: /home/weixuan/crazyflie_mapping_demo/ros2_ws/install/ros_gz_crazyflie_gazebo/share/ros_gz_crazyflie_gazebo/cmake/ros_gz_crazyflie_gazeboConfig-version.cmake
[0.647s] -- Up-to-date: /home/weixuan/crazyflie_mapping_demo/ros2_ws/install/ros_gz_crazyflie_gazebo/share/ros_gz_crazyflie_gazebo/package.xml
[0.648s] Invoked command in '/home/weixuan/crazyflie_mapping_demo/ros2_ws/build/ros_gz_crazyflie_gazebo' returned '0': CMAKE_PREFIX_PATH=${CMAKE_PREFIX_PATH}:/home/weixuan/crazyflie_mapping_demo/ros2_ws/install/ros_gz_crazyflie_control:/home/weixuan/crazyflie_mapping_demo/ros2_ws/install/crazyflie_ros2_multiranger_wall_following:/home/weixuan/crazyflie_mapping_demo/ros2_ws/install/crazyflie_ros2_multiranger_simple_mapper:/home/weixuan/crazyflie_mapping_demo/ros2_ws/install/crazyflie_py:/opt/ros/humble /usr/bin/cmake --install /home/weixuan/crazyflie_mapping_demo/ros2_ws/build/ros_gz_crazyflie_gazebo
