[0.208s] Invoking command in '/home/weixuan/crazyflie_mapping_demo/ros2_ws/build/crazyflie': AMENT_PREFIX_PATH=/home/weixuan/crazyflie_mapping_demo/ros2_ws/install/crazyflie_interfaces:${AMENT_PREFIX_PATH} CMAKE_PREFIX_PATH=/home/weixuan/crazyflie_mapping_demo/ros2_ws/install/crazyflie_interfaces:/opt/ros/humble LD_LIBRARY_PATH=/home/weixuan/crazyflie_mapping_demo/ros2_ws/install/crazyflie_interfaces/lib:${LD_LIBRARY_PATH} PYTHONPATH=/home/weixuan/crazyflie_mapping_demo/ros2_ws/install/crazyflie_interfaces/local/lib/python3.10/dist-packages:${PYTHONPATH} /usr/bin/cmake --build /home/weixuan/crazyflie_mapping_demo/ros2_ws/build/crazyflie -- -j12 -l12
[0.261s] [ 22%] Built target crazyflieLinkCpp
[0.264s] [ 27%] Built target teleop
[0.285s] [ 35%] Built target crazyflie_cpp
[0.334s] [ 40%] Built target listLogVariables
[0.336s] [ 45%] Built target listParams
[0.337s] [ 55%] Built target scan
[0.337s] [ 55%] Built target listMemories
[0.337s] [ 60%] Built target battery
[0.338s] [ 65%] Built target reboot
[0.342s] [ 70%] Built target crazyflie_server
[0.345s] [ 75%] Built target console
[0.346s] [ 80%] Built target version
[0.348s] [ 85%] Built target downloadUSDLogfile
[0.349s] [ 90%] Built target log
[0.350s] [ 95%] Built target comCheck
[0.365s] [100%] Built target setParam
[0.375s] Invoked command in '/home/weixuan/crazyflie_mapping_demo/ros2_ws/build/crazyflie' returned '0': AMENT_PREFIX_PATH=/home/weixuan/crazyflie_mapping_demo/ros2_ws/install/crazyflie_interfaces:${AMENT_PREFIX_PATH} CMAKE_PREFIX_PATH=/home/weixuan/crazyflie_mapping_demo/ros2_ws/install/crazyflie_interfaces:/opt/ros/humble LD_LIBRARY_PATH=/home/weixuan/crazyflie_mapping_demo/ros2_ws/install/crazyflie_interfaces/lib:${LD_LIBRARY_PATH} PYTHONPATH=/home/weixuan/crazyflie_mapping_demo/ros2_ws/install/crazyflie_interfaces/local/lib/python3.10/dist-packages:${PYTHONPATH} /usr/bin/cmake --build /home/weixuan/crazyflie_mapping_demo/ros2_ws/build/crazyflie -- -j12 -l12
[0.376s] Invoking command in '/home/weixuan/crazyflie_mapping_demo/ros2_ws/build/crazyflie': AMENT_PREFIX_PATH=/home/weixuan/crazyflie_mapping_demo/ros2_ws/install/crazyflie_interfaces:${AMENT_PREFIX_PATH} CMAKE_PREFIX_PATH=/home/weixuan/crazyflie_mapping_demo/ros2_ws/install/crazyflie_interfaces:/opt/ros/humble LD_LIBRARY_PATH=/home/weixuan/crazyflie_mapping_demo/ros2_ws/install/crazyflie_interfaces/lib:${LD_LIBRARY_PATH} PYTHONPATH=/home/weixuan/crazyflie_mapping_demo/ros2_ws/install/crazyflie_interfaces/local/lib/python3.10/dist-packages:${PYTHONPATH} /usr/bin/cmake --install /home/weixuan/crazyflie_mapping_demo/ros2_ws/build/crazyflie
[0.384s] -- Install configuration: ""
[0.384s] -- Up-to-date: /home/weixuan/crazyflie_mapping_demo/ros2_ws/install/crazyflie/lib/crazyflie/comCheck
[0.384s] -- Up-to-date: /home/weixuan/crazyflie_mapping_demo/ros2_ws/install/crazyflie/lib/crazyflie/scan
[0.384s] -- Up-to-date: /home/weixuan/crazyflie_mapping_demo/ros2_ws/install/crazyflie/lib/crazyflie/listParams
[0.384s] -- Up-to-date: /home/weixuan/crazyflie_mapping_demo/ros2_ws/install/crazyflie/lib/crazyflie/listLogVariables
[0.384s] -- Up-to-date: /home/weixuan/crazyflie_mapping_demo/ros2_ws/install/crazyflie/lib/crazyflie/listMemories
[0.385s] -- Up-to-date: /home/weixuan/crazyflie_mapping_demo/ros2_ws/install/crazyflie/lib/crazyflie/reboot
[0.385s] -- Up-to-date: /home/weixuan/crazyflie_mapping_demo/ros2_ws/install/crazyflie/lib/crazyflie/battery
[0.385s] -- Up-to-date: /home/weixuan/crazyflie_mapping_demo/ros2_ws/install/crazyflie/lib/crazyflie/version
[0.385s] -- Up-to-date: /home/weixuan/crazyflie_mapping_demo/ros2_ws/install/crazyflie/lib/crazyflie/console
[0.385s] -- Up-to-date: /home/weixuan/crazyflie_mapping_demo/ros2_ws/install/crazyflie/lib/crazyflie/log
[0.385s] -- Up-to-date: /home/weixuan/crazyflie_mapping_demo/ros2_ws/install/crazyflie/lib/crazyflie/setParam
[0.385s] -- Up-to-date: /home/weixuan/crazyflie_mapping_demo/ros2_ws/install/crazyflie/lib/crazyflie/downloadUSDLogfile
[0.385s] -- Up-to-date: /home/weixuan/crazyflie_mapping_demo/ros2_ws/install/crazyflie/lib/crazyflie/teleop
[0.386s] -- Up-to-date: /home/weixuan/crazyflie_mapping_demo/ros2_ws/install/crazyflie/lib/crazyflie/crazyflie_server
[0.386s] -- Up-to-date: /home/weixuan/crazyflie_mapping_demo/ros2_ws/install/crazyflie/lib/crazyflie/crazyflie_server.py
[0.386s] -- Up-to-date: /home/weixuan/crazyflie_mapping_demo/ros2_ws/install/crazyflie/lib/crazyflie/chooser.py
[0.386s] -- Up-to-date: /home/weixuan/crazyflie_mapping_demo/ros2_ws/install/crazyflie/lib/crazyflie/vel_mux.py
[0.386s] -- Up-to-date: /home/weixuan/crazyflie_mapping_demo/ros2_ws/install/crazyflie/lib/crazyflie/cfmult.py
[0.386s] -- Up-to-date: /home/weixuan/crazyflie_mapping_demo/ros2_ws/install/crazyflie/lib/crazyflie/simple_mapper_multiranger.py
[0.386s] -- Up-to-date: /home/weixuan/crazyflie_mapping_demo/ros2_ws/install/crazyflie/lib/crazyflie/aideck_streamer.py
[0.386s] -- Up-to-date: /home/weixuan/crazyflie_mapping_demo/ros2_ws/install/crazyflie/lib/crazyflie/gui.py
[0.386s] -- Up-to-date: /home/weixuan/crazyflie_mapping_demo/ros2_ws/install/crazyflie/lib/crazyflie/flash.py
[0.386s] -- Up-to-date: /home/weixuan/crazyflie_mapping_demo/ros2_ws/install/crazyflie/share/crazyflie//launch
[0.387s] -- Up-to-date: /home/weixuan/crazyflie_mapping_demo/ros2_ws/install/crazyflie/share/crazyflie//launch/launch.py
[0.387s] -- Up-to-date: /home/weixuan/crazyflie_mapping_demo/ros2_ws/install/crazyflie/share/crazyflie//launch/teleop_launch.py
[0.387s] -- Up-to-date: /home/weixuan/crazyflie_mapping_demo/ros2_ws/install/crazyflie/share/crazyflie//launch/launch_teleop2.py
[0.387s] -- Up-to-date: /home/weixuan/crazyflie_mapping_demo/ros2_ws/install/crazyflie/share/crazyflie//config
[0.387s] -- Up-to-date: /home/weixuan/crazyflie_mapping_demo/ros2_ws/install/crazyflie/share/crazyflie//config/config.rviz
[0.387s] -- Up-to-date: /home/weixuan/crazyflie_mapping_demo/ros2_ws/install/crazyflie/share/crazyflie//config/teleop.yaml
[0.387s] -- Up-to-date: /home/weixuan/crazyflie_mapping_demo/ros2_ws/install/crazyflie/share/crazyflie//config/server.yaml
[0.387s] -- Up-to-date: /home/weixuan/crazyflie_mapping_demo/ros2_ws/install/crazyflie/share/crazyflie//config/crazyflies.yaml
[0.387s] -- Up-to-date: /home/weixuan/crazyflie_mapping_demo/ros2_ws/install/crazyflie/share/crazyflie//config/motion_capture.yaml
[0.387s] -- Up-to-date: /home/weixuan/crazyflie_mapping_demo/ros2_ws/install/crazyflie/share/crazyflie//config/aideck_streamer.yaml
[0.387s] -- Up-to-date: /home/weixuan/crazyflie_mapping_demo/ros2_ws/install/crazyflie/share/crazyflie//urdf
[0.387s] -- Up-to-date: /home/weixuan/crazyflie_mapping_demo/ros2_ws/install/crazyflie/share/crazyflie//urdf/cf2_assembly.stl
[0.387s] -- Up-to-date: /home/weixuan/crazyflie_mapping_demo/ros2_ws/install/crazyflie/share/crazyflie//urdf/crazyflie_description.urdf
[0.387s] -- Up-to-date: /home/weixuan/crazyflie_mapping_demo/ros2_ws/install/crazyflie/share/crazyflie//urdf/cf2_assembly_with_props.dae
[0.387s] -- Up-to-date: /home/weixuan/crazyflie_mapping_demo/ros2_ws/install/crazyflie/share/ament_index/resource_index/package_run_dependencies/crazyflie
[0.388s] -- Up-to-date: /home/weixuan/crazyflie_mapping_demo/ros2_ws/install/crazyflie/share/ament_index/resource_index/parent_prefix_path/crazyflie
[0.388s] -- Up-to-date: /home/weixuan/crazyflie_mapping_demo/ros2_ws/install/crazyflie/share/crazyflie/environment/ament_prefix_path.sh
[0.388s] -- Up-to-date: /home/weixuan/crazyflie_mapping_demo/ros2_ws/install/crazyflie/share/crazyflie/environment/ament_prefix_path.dsv
[0.388s] -- Up-to-date: /home/weixuan/crazyflie_mapping_demo/ros2_ws/install/crazyflie/share/crazyflie/environment/path.sh
[0.388s] -- Up-to-date: /home/weixuan/crazyflie_mapping_demo/ros2_ws/install/crazyflie/share/crazyflie/environment/path.dsv
[0.388s] -- Up-to-date: /home/weixuan/crazyflie_mapping_demo/ros2_ws/install/crazyflie/share/crazyflie/local_setup.bash
[0.388s] -- Up-to-date: /home/weixuan/crazyflie_mapping_demo/ros2_ws/install/crazyflie/share/crazyflie/local_setup.sh
[0.388s] -- Up-to-date: /home/weixuan/crazyflie_mapping_demo/ros2_ws/install/crazyflie/share/crazyflie/local_setup.zsh
[0.388s] -- Up-to-date: /home/weixuan/crazyflie_mapping_demo/ros2_ws/install/crazyflie/share/crazyflie/local_setup.dsv
[0.388s] -- Installing: /home/weixuan/crazyflie_mapping_demo/ros2_ws/install/crazyflie/share/crazyflie/package.dsv
[0.388s] -- Up-to-date: /home/weixuan/crazyflie_mapping_demo/ros2_ws/install/crazyflie/share/ament_index/resource_index/packages/crazyflie
[0.388s] -- Up-to-date: /home/weixuan/crazyflie_mapping_demo/ros2_ws/install/crazyflie/share/crazyflie/cmake/crazyflieConfig.cmake
[0.388s] -- Up-to-date: /home/weixuan/crazyflie_mapping_demo/ros2_ws/install/crazyflie/share/crazyflie/cmake/crazyflieConfig-version.cmake
[0.388s] -- Up-to-date: /home/weixuan/crazyflie_mapping_demo/ros2_ws/install/crazyflie/share/crazyflie/package.xml
[0.390s] Invoked command in '/home/weixuan/crazyflie_mapping_demo/ros2_ws/build/crazyflie' returned '0': AMENT_PREFIX_PATH=/home/weixuan/crazyflie_mapping_demo/ros2_ws/install/crazyflie_interfaces:${AMENT_PREFIX_PATH} CMAKE_PREFIX_PATH=/home/weixuan/crazyflie_mapping_demo/ros2_ws/install/crazyflie_interfaces:/opt/ros/humble LD_LIBRARY_PATH=/home/weixuan/crazyflie_mapping_demo/ros2_ws/install/crazyflie_interfaces/lib:${LD_LIBRARY_PATH} PYTHONPATH=/home/weixuan/crazyflie_mapping_demo/ros2_ws/install/crazyflie_interfaces/local/lib/python3.10/dist-packages:${PYTHONPATH} /usr/bin/cmake --install /home/weixuan/crazyflie_mapping_demo/ros2_ws/build/crazyflie
