[0.006s] Invoking command in '/home/weixuan/crazyflie_mapping_demo/ros2_ws/build/crazyflie_examples': AMENT_PREFIX_PATH=/home/weixuan/crazyflie_mapping_demo/ros2_ws/install/crazyflie_py:/home/weixuan/crazyflie_mapping_demo/ros2_ws/install/crazyflie_interfaces:${AMENT_PREFIX_PATH} CMAKE_PREFIX_PATH=/home/weixuan/crazyflie_mapping_demo/ros2_ws/install/crazyflie_interfaces:/opt/ros/humble LD_LIBRARY_PATH=/home/weixuan/crazyflie_mapping_demo/ros2_ws/install/crazyflie_interfaces/lib:${LD_LIBRARY_PATH} PYTHONPATH=/home/weixuan/crazyflie_mapping_demo/ros2_ws/install/crazyflie_py/lib/python3.10/site-packages:/home/weixuan/crazyflie_mapping_demo/ros2_ws/install/crazyflie_interfaces/local/lib/python3.10/dist-packages:${PYTHONPATH} /usr/bin/cmake /home/weixuan/crazyflie_mapping_demo/ros2_ws/src/crazyswarm2/crazyflie_examples -DBUILD_TESTING=ON -DCMAKE_INSTALL_PREFIX=/home/weixuan/crazyflie_mapping_demo/ros2_ws/install/crazyflie_examples
[0.048s] -- The C compiler identification is GNU 11.4.0
[0.095s] -- The CXX compiler identification is GNU 11.4.0
[0.100s] -- Detecting C compiler ABI info
[0.156s] -- Detecting C compiler ABI info - done
[0.163s] -- Check for working C compiler: /usr/bin/cc - skipped
[0.163s] -- Detecting C compile features
[0.164s] -- Detecting C compile features - done
[0.167s] -- Detecting CXX compiler ABI info
[0.228s] -- Detecting CXX compiler ABI info - done
[0.232s] -- Check for working CXX compiler: /usr/bin/c++ - skipped
[0.233s] -- Detecting CXX compile features
[0.233s] -- Detecting CXX compile features - done
[0.234s] -- Found ament_cmake: 1.3.12 (/opt/ros/humble/share/ament_cmake/cmake)
[0.358s] -- Found Python3: /usr/bin/python3 (found version "3.10.12") found components: Interpreter 
[0.492s] -- Found ament_cmake_pytest: 1.3.12 (/opt/ros/humble/share/ament_cmake_pytest/cmake)
[1.332s] -- Configuring done
[1.336s] -- Generating done
[1.338s] -- Build files have been written to: /home/weixuan/crazyflie_mapping_demo/ros2_ws/build/crazyflie_examples
[1.342s] Invoked command in '/home/weixuan/crazyflie_mapping_demo/ros2_ws/build/crazyflie_examples' returned '0': AMENT_PREFIX_PATH=/home/weixuan/crazyflie_mapping_demo/ros2_ws/install/crazyflie_py:/home/weixuan/crazyflie_mapping_demo/ros2_ws/install/crazyflie_interfaces:${AMENT_PREFIX_PATH} CMAKE_PREFIX_PATH=/home/weixuan/crazyflie_mapping_demo/ros2_ws/install/crazyflie_interfaces:/opt/ros/humble LD_LIBRARY_PATH=/home/weixuan/crazyflie_mapping_demo/ros2_ws/install/crazyflie_interfaces/lib:${LD_LIBRARY_PATH} PYTHONPATH=/home/weixuan/crazyflie_mapping_demo/ros2_ws/install/crazyflie_py/lib/python3.10/site-packages:/home/weixuan/crazyflie_mapping_demo/ros2_ws/install/crazyflie_interfaces/local/lib/python3.10/dist-packages:${PYTHONPATH} /usr/bin/cmake /home/weixuan/crazyflie_mapping_demo/ros2_ws/src/crazyswarm2/crazyflie_examples -DBUILD_TESTING=ON -DCMAKE_INSTALL_PREFIX=/home/weixuan/crazyflie_mapping_demo/ros2_ws/install/crazyflie_examples
[1.343s] Invoking command in '/home/weixuan/crazyflie_mapping_demo/ros2_ws/build/crazyflie_examples': AMENT_PREFIX_PATH=/home/weixuan/crazyflie_mapping_demo/ros2_ws/install/crazyflie_py:/home/weixuan/crazyflie_mapping_demo/ros2_ws/install/crazyflie_interfaces:${AMENT_PREFIX_PATH} CMAKE_PREFIX_PATH=/home/weixuan/crazyflie_mapping_demo/ros2_ws/install/crazyflie_interfaces:/opt/ros/humble LD_LIBRARY_PATH=/home/weixuan/crazyflie_mapping_demo/ros2_ws/install/crazyflie_interfaces/lib:${LD_LIBRARY_PATH} PYTHONPATH=/home/weixuan/crazyflie_mapping_demo/ros2_ws/install/crazyflie_py/lib/python3.10/site-packages:/home/weixuan/crazyflie_mapping_demo/ros2_ws/install/crazyflie_interfaces/local/lib/python3.10/dist-packages:${PYTHONPATH} /usr/bin/cmake --build /home/weixuan/crazyflie_mapping_demo/ros2_ws/build/crazyflie_examples -- -j12 -l12
[1.394s] Built target ament_cmake_python_copy_crazyflie_examples_setup
[1.394s] Built target ament_cmake_python_copy_crazyflie_examples
[1.539s] running install_scripts
[1.541s] /usr/lib/python3/dist-packages/setuptools/command/install.py:34: SetuptoolsDeprecationWarning: setup.py install is deprecated. Use build and pip and other standards-based tools.
[1.541s]   warnings.warn(
[1.555s] running egg_info
[1.556s] creating crazyflie_examples.egg-info
[1.556s] writing crazyflie_examples.egg-info/PKG-INFO
[1.556s] writing dependency_links to crazyflie_examples.egg-info/dependency_links.txt
[1.556s] writing entry points to crazyflie_examples.egg-info/entry_points.txt
[1.556s] writing top-level names to crazyflie_examples.egg-info/top_level.txt
[1.556s] writing manifest file 'crazyflie_examples.egg-info/SOURCES.txt'
[1.557s] reading manifest file 'crazyflie_examples.egg-info/SOURCES.txt'
[1.558s] writing manifest file 'crazyflie_examples.egg-info/SOURCES.txt'
[1.558s] Installing arming script to scripts
[1.559s] Installing cmd_full_state script to scripts
[1.559s] Installing figure8 script to scripts
[1.559s] Installing group_mask script to scripts
[1.559s] Installing hello_world script to scripts
[1.559s] Installing infinite_flight script to scripts
[1.559s] Installing multi_trajectory script to scripts
[1.559s] Installing nice_hover script to scripts
[1.559s] Installing set_param script to scripts
[1.559s] Installing swap script to scripts
[1.584s] Built target ament_cmake_python_build_crazyflie_examples_scripts
[1.609s] running egg_info
[1.610s] writing crazyflie_examples.egg-info/PKG-INFO
[1.610s] writing dependency_links to crazyflie_examples.egg-info/dependency_links.txt
[1.610s] writing entry points to crazyflie_examples.egg-info/entry_points.txt
[1.610s] writing top-level names to crazyflie_examples.egg-info/top_level.txt
[1.611s] reading manifest file 'crazyflie_examples.egg-info/SOURCES.txt'
[1.612s] writing manifest file 'crazyflie_examples.egg-info/SOURCES.txt'
[1.633s] Built target ament_cmake_python_build_crazyflie_examples_egg
[1.643s] Invoked command in '/home/weixuan/crazyflie_mapping_demo/ros2_ws/build/crazyflie_examples' returned '0': AMENT_PREFIX_PATH=/home/weixuan/crazyflie_mapping_demo/ros2_ws/install/crazyflie_py:/home/weixuan/crazyflie_mapping_demo/ros2_ws/install/crazyflie_interfaces:${AMENT_PREFIX_PATH} CMAKE_PREFIX_PATH=/home/weixuan/crazyflie_mapping_demo/ros2_ws/install/crazyflie_interfaces:/opt/ros/humble LD_LIBRARY_PATH=/home/weixuan/crazyflie_mapping_demo/ros2_ws/install/crazyflie_interfaces/lib:${LD_LIBRARY_PATH} PYTHONPATH=/home/weixuan/crazyflie_mapping_demo/ros2_ws/install/crazyflie_py/lib/python3.10/site-packages:/home/weixuan/crazyflie_mapping_demo/ros2_ws/install/crazyflie_interfaces/local/lib/python3.10/dist-packages:${PYTHONPATH} /usr/bin/cmake --build /home/weixuan/crazyflie_mapping_demo/ros2_ws/build/crazyflie_examples -- -j12 -l12
[1.645s] Invoking command in '/home/weixuan/crazyflie_mapping_demo/ros2_ws/build/crazyflie_examples': AMENT_PREFIX_PATH=/home/weixuan/crazyflie_mapping_demo/ros2_ws/install/crazyflie_py:/home/weixuan/crazyflie_mapping_demo/ros2_ws/install/crazyflie_interfaces:${AMENT_PREFIX_PATH} CMAKE_PREFIX_PATH=/home/weixuan/crazyflie_mapping_demo/ros2_ws/install/crazyflie_interfaces:/opt/ros/humble LD_LIBRARY_PATH=/home/weixuan/crazyflie_mapping_demo/ros2_ws/install/crazyflie_interfaces/lib:${LD_LIBRARY_PATH} PYTHONPATH=/home/weixuan/crazyflie_mapping_demo/ros2_ws/install/crazyflie_py/lib/python3.10/site-packages:/home/weixuan/crazyflie_mapping_demo/ros2_ws/install/crazyflie_interfaces/local/lib/python3.10/dist-packages:${PYTHONPATH} /usr/bin/cmake --install /home/weixuan/crazyflie_mapping_demo/ros2_ws/build/crazyflie_examples
[1.650s] -- Install configuration: ""
[1.650s] -- Installing: /home/weixuan/crazyflie_mapping_demo/ros2_ws/install/crazyflie_examples/share/crazyflie_examples/environment/pythonpath.sh
[1.651s] -- Installing: /home/weixuan/crazyflie_mapping_demo/ros2_ws/install/crazyflie_examples/share/crazyflie_examples/environment/pythonpath.dsv
[1.651s] -- Installing: /home/weixuan/crazyflie_mapping_demo/ros2_ws/install/crazyflie_examples/local/lib/python3.10/dist-packages/crazyflie_examples-1.0.3-py3.10.egg-info
[1.651s] -- Installing: /home/weixuan/crazyflie_mapping_demo/ros2_ws/install/crazyflie_examples/local/lib/python3.10/dist-packages/crazyflie_examples-1.0.3-py3.10.egg-info/SOURCES.txt
[1.651s] -- Installing: /home/weixuan/crazyflie_mapping_demo/ros2_ws/install/crazyflie_examples/local/lib/python3.10/dist-packages/crazyflie_examples-1.0.3-py3.10.egg-info/dependency_links.txt
[1.651s] -- Installing: /home/weixuan/crazyflie_mapping_demo/ros2_ws/install/crazyflie_examples/local/lib/python3.10/dist-packages/crazyflie_examples-1.0.3-py3.10.egg-info/top_level.txt
[1.651s] -- Installing: /home/weixuan/crazyflie_mapping_demo/ros2_ws/install/crazyflie_examples/local/lib/python3.10/dist-packages/crazyflie_examples-1.0.3-py3.10.egg-info/PKG-INFO
[1.651s] -- Installing: /home/weixuan/crazyflie_mapping_demo/ros2_ws/install/crazyflie_examples/local/lib/python3.10/dist-packages/crazyflie_examples-1.0.3-py3.10.egg-info/entry_points.txt
[1.651s] -- Installing: /home/weixuan/crazyflie_mapping_demo/ros2_ws/install/crazyflie_examples/lib/crazyflie_examples/
[1.651s] -- Installing: /home/weixuan/crazyflie_mapping_demo/ros2_ws/install/crazyflie_examples/lib/crazyflie_examples//infinite_flight
[1.651s] -- Installing: /home/weixuan/crazyflie_mapping_demo/ros2_ws/install/crazyflie_examples/lib/crazyflie_examples//nice_hover
[1.652s] -- Installing: /home/weixuan/crazyflie_mapping_demo/ros2_ws/install/crazyflie_examples/lib/crazyflie_examples//cmd_full_state
[1.652s] -- Installing: /home/weixuan/crazyflie_mapping_demo/ros2_ws/install/crazyflie_examples/lib/crazyflie_examples//set_param
[1.652s] -- Installing: /home/weixuan/crazyflie_mapping_demo/ros2_ws/install/crazyflie_examples/lib/crazyflie_examples//figure8
[1.652s] -- Installing: /home/weixuan/crazyflie_mapping_demo/ros2_ws/install/crazyflie_examples/lib/crazyflie_examples//hello_world
[1.652s] -- Installing: /home/weixuan/crazyflie_mapping_demo/ros2_ws/install/crazyflie_examples/lib/crazyflie_examples//arming
[1.652s] -- Installing: /home/weixuan/crazyflie_mapping_demo/ros2_ws/install/crazyflie_examples/lib/crazyflie_examples//group_mask
[1.652s] -- Installing: /home/weixuan/crazyflie_mapping_demo/ros2_ws/install/crazyflie_examples/lib/crazyflie_examples//multi_trajectory
[1.652s] -- Installing: /home/weixuan/crazyflie_mapping_demo/ros2_ws/install/crazyflie_examples/lib/crazyflie_examples//swap
[1.652s] -- Installing: /home/weixuan/crazyflie_mapping_demo/ros2_ws/install/crazyflie_examples/local/lib/python3.10/dist-packages/crazyflie_examples
[1.652s] -- Installing: /home/weixuan/crazyflie_mapping_demo/ros2_ws/install/crazyflie_examples/local/lib/python3.10/dist-packages/crazyflie_examples/figure8.py
[1.652s] -- Installing: /home/weixuan/crazyflie_mapping_demo/ros2_ws/install/crazyflie_examples/local/lib/python3.10/dist-packages/crazyflie_examples/swap.py
[1.652s] -- Installing: /home/weixuan/crazyflie_mapping_demo/ros2_ws/install/crazyflie_examples/local/lib/python3.10/dist-packages/crazyflie_examples/multi_trajectory.py
[1.652s] -- Installing: /home/weixuan/crazyflie_mapping_demo/ros2_ws/install/crazyflie_examples/local/lib/python3.10/dist-packages/crazyflie_examples/cmd_full_state.py
[1.652s] -- Installing: /home/weixuan/crazyflie_mapping_demo/ros2_ws/install/crazyflie_examples/local/lib/python3.10/dist-packages/crazyflie_examples/infinite_flight.py
[1.652s] -- Installing: /home/weixuan/crazyflie_mapping_demo/ros2_ws/install/crazyflie_examples/local/lib/python3.10/dist-packages/crazyflie_examples/group_mask.py
[1.652s] -- Installing: /home/weixuan/crazyflie_mapping_demo/ros2_ws/install/crazyflie_examples/local/lib/python3.10/dist-packages/crazyflie_examples/__init__.py
[1.652s] -- Installing: /home/weixuan/crazyflie_mapping_demo/ros2_ws/install/crazyflie_examples/local/lib/python3.10/dist-packages/crazyflie_examples/nice_hover.py
[1.653s] -- Installing: /home/weixuan/crazyflie_mapping_demo/ros2_ws/install/crazyflie_examples/local/lib/python3.10/dist-packages/crazyflie_examples/data
[1.653s] -- Installing: /home/weixuan/crazyflie_mapping_demo/ros2_ws/install/crazyflie_examples/local/lib/python3.10/dist-packages/crazyflie_examples/data/figure8.csv
[1.653s] -- Installing: /home/weixuan/crazyflie_mapping_demo/ros2_ws/install/crazyflie_examples/local/lib/python3.10/dist-packages/crazyflie_examples/data/multi_trajectory
[1.653s] -- Installing: /home/weixuan/crazyflie_mapping_demo/ros2_ws/install/crazyflie_examples/local/lib/python3.10/dist-packages/crazyflie_examples/data/multi_trajectory/traj1.csv
[1.653s] -- Installing: /home/weixuan/crazyflie_mapping_demo/ros2_ws/install/crazyflie_examples/local/lib/python3.10/dist-packages/crazyflie_examples/data/multi_trajectory/traj0.csv
[1.653s] -- Installing: /home/weixuan/crazyflie_mapping_demo/ros2_ws/install/crazyflie_examples/local/lib/python3.10/dist-packages/crazyflie_examples/arming.py
[1.653s] -- Installing: /home/weixuan/crazyflie_mapping_demo/ros2_ws/install/crazyflie_examples/local/lib/python3.10/dist-packages/crazyflie_examples/hello_world.py
[1.653s] -- Installing: /home/weixuan/crazyflie_mapping_demo/ros2_ws/install/crazyflie_examples/local/lib/python3.10/dist-packages/crazyflie_examples/set_param.py
[1.675s] Listing '/home/weixuan/crazyflie_mapping_demo/ros2_ws/install/crazyflie_examples/local/lib/python3.10/dist-packages/crazyflie_examples'...
[1.676s] Compiling '/home/weixuan/crazyflie_mapping_demo/ros2_ws/install/crazyflie_examples/local/lib/python3.10/dist-packages/crazyflie_examples/__init__.py'...
[1.676s] Compiling '/home/weixuan/crazyflie_mapping_demo/ros2_ws/install/crazyflie_examples/local/lib/python3.10/dist-packages/crazyflie_examples/arming.py'...
[1.676s] Compiling '/home/weixuan/crazyflie_mapping_demo/ros2_ws/install/crazyflie_examples/local/lib/python3.10/dist-packages/crazyflie_examples/cmd_full_state.py'...
[1.676s] Listing '/home/weixuan/crazyflie_mapping_demo/ros2_ws/install/crazyflie_examples/local/lib/python3.10/dist-packages/crazyflie_examples/data'...
[1.676s] Listing '/home/weixuan/crazyflie_mapping_demo/ros2_ws/install/crazyflie_examples/local/lib/python3.10/dist-packages/crazyflie_examples/data/multi_trajectory'...
[1.676s] Compiling '/home/weixuan/crazyflie_mapping_demo/ros2_ws/install/crazyflie_examples/local/lib/python3.10/dist-packages/crazyflie_examples/figure8.py'...
[1.676s] Compiling '/home/weixuan/crazyflie_mapping_demo/ros2_ws/install/crazyflie_examples/local/lib/python3.10/dist-packages/crazyflie_examples/group_mask.py'...
[1.676s] Compiling '/home/weixuan/crazyflie_mapping_demo/ros2_ws/install/crazyflie_examples/local/lib/python3.10/dist-packages/crazyflie_examples/hello_world.py'...
[1.676s] Compiling '/home/weixuan/crazyflie_mapping_demo/ros2_ws/install/crazyflie_examples/local/lib/python3.10/dist-packages/crazyflie_examples/infinite_flight.py'...
[1.676s] Compiling '/home/weixuan/crazyflie_mapping_demo/ros2_ws/install/crazyflie_examples/local/lib/python3.10/dist-packages/crazyflie_examples/multi_trajectory.py'...
[1.676s] Compiling '/home/weixuan/crazyflie_mapping_demo/ros2_ws/install/crazyflie_examples/local/lib/python3.10/dist-packages/crazyflie_examples/nice_hover.py'...
[1.676s] Compiling '/home/weixuan/crazyflie_mapping_demo/ros2_ws/install/crazyflie_examples/local/lib/python3.10/dist-packages/crazyflie_examples/set_param.py'...
[1.676s] Compiling '/home/weixuan/crazyflie_mapping_demo/ros2_ws/install/crazyflie_examples/local/lib/python3.10/dist-packages/crazyflie_examples/swap.py'...
[1.679s] -- Installing: /home/weixuan/crazyflie_mapping_demo/ros2_ws/install/crazyflie_examples/share/crazyflie_examples//config
[1.679s] -- Installing: /home/weixuan/crazyflie_mapping_demo/ros2_ws/install/crazyflie_examples/share/crazyflie_examples//config/nav2_view.rviz
[1.679s] -- Installing: /home/weixuan/crazyflie_mapping_demo/ros2_ws/install/crazyflie_examples/share/crazyflie_examples//config/slam_params.yaml
[1.679s] -- Installing: /home/weixuan/crazyflie_mapping_demo/ros2_ws/install/crazyflie_examples/share/crazyflie_examples//config/nav2_params.yaml
[1.679s] -- Installing: /home/weixuan/crazyflie_mapping_demo/ros2_ws/install/crazyflie_examples/share/crazyflie_examples//data
[1.679s] -- Installing: /home/weixuan/crazyflie_mapping_demo/ros2_ws/install/crazyflie_examples/share/crazyflie_examples//data/map.posegraph
[1.680s] -- Installing: /home/weixuan/crazyflie_mapping_demo/ros2_ws/install/crazyflie_examples/share/crazyflie_examples//data/map.data
[1.680s] -- Installing: /home/weixuan/crazyflie_mapping_demo/ros2_ws/install/crazyflie_examples/share/crazyflie_examples//data/map.yaml
[1.680s] -- Installing: /home/weixuan/crazyflie_mapping_demo/ros2_ws/install/crazyflie_examples/share/crazyflie_examples//data/map.pgm
[1.680s] -- Installing: /home/weixuan/crazyflie_mapping_demo/ros2_ws/install/crazyflie_examples/share/crazyflie_examples//launch
[1.680s] -- Installing: /home/weixuan/crazyflie_mapping_demo/ros2_ws/install/crazyflie_examples/share/crazyflie_examples//launch/launch.py
[1.680s] -- Installing: /home/weixuan/crazyflie_mapping_demo/ros2_ws/install/crazyflie_examples/share/crazyflie_examples//launch/keyboard_velmux_launch.py
[1.680s] -- Installing: /home/weixuan/crazyflie_mapping_demo/ros2_ws/install/crazyflie_examples/share/crazyflie_examples//launch/multiranger_nav2_launch.py
[1.680s] -- Installing: /home/weixuan/crazyflie_mapping_demo/ros2_ws/install/crazyflie_examples/share/crazyflie_examples//launch/multiranger_mapping_launch.py
[1.681s] -- Installing: /home/weixuan/crazyflie_mapping_demo/ros2_ws/install/crazyflie_examples/share/crazyflie_examples//launch/multiranger_simple_mapper_launch.py
[1.681s] -- Installing: /home/weixuan/crazyflie_mapping_demo/ros2_ws/install/crazyflie_examples/share/ament_index/resource_index/package_run_dependencies/crazyflie_examples
[1.681s] -- Installing: /home/weixuan/crazyflie_mapping_demo/ros2_ws/install/crazyflie_examples/share/ament_index/resource_index/parent_prefix_path/crazyflie_examples
[1.681s] -- Installing: /home/weixuan/crazyflie_mapping_demo/ros2_ws/install/crazyflie_examples/share/crazyflie_examples/environment/ament_prefix_path.sh
[1.681s] -- Installing: /home/weixuan/crazyflie_mapping_demo/ros2_ws/install/crazyflie_examples/share/crazyflie_examples/environment/ament_prefix_path.dsv
[1.681s] -- Installing: /home/weixuan/crazyflie_mapping_demo/ros2_ws/install/crazyflie_examples/share/crazyflie_examples/environment/path.sh
[1.681s] -- Installing: /home/weixuan/crazyflie_mapping_demo/ros2_ws/install/crazyflie_examples/share/crazyflie_examples/environment/path.dsv
[1.681s] -- Installing: /home/weixuan/crazyflie_mapping_demo/ros2_ws/install/crazyflie_examples/share/crazyflie_examples/local_setup.bash
[1.681s] -- Installing: /home/weixuan/crazyflie_mapping_demo/ros2_ws/install/crazyflie_examples/share/crazyflie_examples/local_setup.sh
[1.681s] -- Installing: /home/weixuan/crazyflie_mapping_demo/ros2_ws/install/crazyflie_examples/share/crazyflie_examples/local_setup.zsh
[1.681s] -- Installing: /home/weixuan/crazyflie_mapping_demo/ros2_ws/install/crazyflie_examples/share/crazyflie_examples/local_setup.dsv
[1.681s] -- Installing: /home/weixuan/crazyflie_mapping_demo/ros2_ws/install/crazyflie_examples/share/crazyflie_examples/package.dsv
[1.681s] -- Installing: /home/weixuan/crazyflie_mapping_demo/ros2_ws/install/crazyflie_examples/share/ament_index/resource_index/packages/crazyflie_examples
[1.681s] -- Installing: /home/weixuan/crazyflie_mapping_demo/ros2_ws/install/crazyflie_examples/share/crazyflie_examples/cmake/crazyflie_examplesConfig.cmake
[1.681s] -- Installing: /home/weixuan/crazyflie_mapping_demo/ros2_ws/install/crazyflie_examples/share/crazyflie_examples/cmake/crazyflie_examplesConfig-version.cmake
[1.681s] -- Installing: /home/weixuan/crazyflie_mapping_demo/ros2_ws/install/crazyflie_examples/share/crazyflie_examples/package.xml
[1.683s] Invoked command in '/home/weixuan/crazyflie_mapping_demo/ros2_ws/build/crazyflie_examples' returned '0': AMENT_PREFIX_PATH=/home/weixuan/crazyflie_mapping_demo/ros2_ws/install/crazyflie_py:/home/weixuan/crazyflie_mapping_demo/ros2_ws/install/crazyflie_interfaces:${AMENT_PREFIX_PATH} CMAKE_PREFIX_PATH=/home/weixuan/crazyflie_mapping_demo/ros2_ws/install/crazyflie_interfaces:/opt/ros/humble LD_LIBRARY_PATH=/home/weixuan/crazyflie_mapping_demo/ros2_ws/install/crazyflie_interfaces/lib:${LD_LIBRARY_PATH} PYTHONPATH=/home/weixuan/crazyflie_mapping_demo/ros2_ws/install/crazyflie_py/lib/python3.10/site-packages:/home/weixuan/crazyflie_mapping_demo/ros2_ws/install/crazyflie_interfaces/local/lib/python3.10/dist-packages:${PYTHONPATH} /usr/bin/cmake --install /home/weixuan/crazyflie_mapping_demo/ros2_ws/build/crazyflie_examples
