[0.007s] Invoking command in '/home/weixuan/capstone/simulation/crazyflie_mapping_demo/ros2_ws/build/crazyflie_examples': AMENT_PREFIX_PATH=/home/weixuan/capstone/simulation/crazyflie_mapping_demo/ros2_ws/install/crazyflie_py:/home/weixuan/capstone/simulation/crazyflie_mapping_demo/ros2_ws/install/crazyflie_interfaces:${AMENT_PREFIX_PATH} CMAKE_PREFIX_PATH=/home/weixuan/capstone/simulation/crazyflie_mapping_demo/ros2_ws/install/crazyflie_interfaces:/opt/ros/humble LD_LIBRARY_PATH=/home/weixuan/capstone/simulation/crazyflie_mapping_demo/ros2_ws/install/crazyflie_interfaces/lib:${LD_LIBRARY_PATH} PYTHONPATH=/home/weixuan/capstone/simulation/crazyflie_mapping_demo/ros2_ws/install/crazyflie_py/lib/python3.10/site-packages:/home/weixuan/capstone/simulation/crazyflie_mapping_demo/ros2_ws/install/crazyflie_interfaces/local/lib/python3.10/dist-packages:${PYTHONPATH} /usr/bin/cmake /home/weixuan/capstone/simulation/crazyflie_mapping_demo/ros2_ws/src/crazyswarm2/crazyflie_examples -DBUILD_TESTING=ON -DCMAKE_INSTALL_PREFIX=/home/weixuan/capstone/simulation/crazyflie_mapping_demo/ros2_ws/install/crazyflie_examples
[0.045s] -- The C compiler identification is GNU 11.4.0
[0.084s] -- The CXX compiler identification is GNU 11.4.0
[0.090s] -- Detecting C compiler ABI info
[0.140s] -- Detecting C compiler ABI info - done
[0.145s] -- Check for working C compiler: /usr/bin/cc - skipped
[0.145s] -- Detecting C compile features
[0.146s] -- Detecting C compile features - done
[0.148s] -- Detecting CXX compiler ABI info
[0.202s] -- Detecting CXX compiler ABI info - done
[0.207s] -- Check for working CXX compiler: /usr/bin/c++ - skipped
[0.207s] -- Detecting CXX compile features
[0.207s] -- Detecting CXX compile features - done
[0.208s] -- Found ament_cmake: 1.3.12 (/opt/ros/humble/share/ament_cmake/cmake)
[0.335s] -- Found Python3: /usr/bin/python3 (found version "3.10.12") found components: Interpreter 
[0.468s] -- Found ament_cmake_pytest: 1.3.12 (/opt/ros/humble/share/ament_cmake_pytest/cmake)
[1.083s] -- Configuring done
[1.087s] -- Generating done
[1.092s] -- Build files have been written to: /home/weixuan/capstone/simulation/crazyflie_mapping_demo/ros2_ws/build/crazyflie_examples
[1.096s] Invoked command in '/home/weixuan/capstone/simulation/crazyflie_mapping_demo/ros2_ws/build/crazyflie_examples' returned '0': AMENT_PREFIX_PATH=/home/weixuan/capstone/simulation/crazyflie_mapping_demo/ros2_ws/install/crazyflie_py:/home/weixuan/capstone/simulation/crazyflie_mapping_demo/ros2_ws/install/crazyflie_interfaces:${AMENT_PREFIX_PATH} CMAKE_PREFIX_PATH=/home/weixuan/capstone/simulation/crazyflie_mapping_demo/ros2_ws/install/crazyflie_interfaces:/opt/ros/humble LD_LIBRARY_PATH=/home/weixuan/capstone/simulation/crazyflie_mapping_demo/ros2_ws/install/crazyflie_interfaces/lib:${LD_LIBRARY_PATH} PYTHONPATH=/home/weixuan/capstone/simulation/crazyflie_mapping_demo/ros2_ws/install/crazyflie_py/lib/python3.10/site-packages:/home/weixuan/capstone/simulation/crazyflie_mapping_demo/ros2_ws/install/crazyflie_interfaces/local/lib/python3.10/dist-packages:${PYTHONPATH} /usr/bin/cmake /home/weixuan/capstone/simulation/crazyflie_mapping_demo/ros2_ws/src/crazyswarm2/crazyflie_examples -DBUILD_TESTING=ON -DCMAKE_INSTALL_PREFIX=/home/weixuan/capstone/simulation/crazyflie_mapping_demo/ros2_ws/install/crazyflie_examples
[1.098s] Invoking command in '/home/weixuan/capstone/simulation/crazyflie_mapping_demo/ros2_ws/build/crazyflie_examples': AMENT_PREFIX_PATH=/home/weixuan/capstone/simulation/crazyflie_mapping_demo/ros2_ws/install/crazyflie_py:/home/weixuan/capstone/simulation/crazyflie_mapping_demo/ros2_ws/install/crazyflie_interfaces:${AMENT_PREFIX_PATH} CMAKE_PREFIX_PATH=/home/weixuan/capstone/simulation/crazyflie_mapping_demo/ros2_ws/install/crazyflie_interfaces:/opt/ros/humble LD_LIBRARY_PATH=/home/weixuan/capstone/simulation/crazyflie_mapping_demo/ros2_ws/install/crazyflie_interfaces/lib:${LD_LIBRARY_PATH} PYTHONPATH=/home/weixuan/capstone/simulation/crazyflie_mapping_demo/ros2_ws/install/crazyflie_py/lib/python3.10/site-packages:/home/weixuan/capstone/simulation/crazyflie_mapping_demo/ros2_ws/install/crazyflie_interfaces/local/lib/python3.10/dist-packages:${PYTHONPATH} /usr/bin/cmake --build /home/weixuan/capstone/simulation/crazyflie_mapping_demo/ros2_ws/build/crazyflie_examples -- -j12 -l12
[1.164s] Built target ament_cmake_python_copy_crazyflie_examples_setup
[1.165s] Built target ament_cmake_python_copy_crazyflie_examples
[1.340s] running install_scripts
[1.343s] /usr/lib/python3/dist-packages/setuptools/command/install.py:34: SetuptoolsDeprecationWarning: setup.py install is deprecated. Use build and pip and other standards-based tools.
[1.343s]   warnings.warn(
[1.362s] running egg_info
[1.363s] creating crazyflie_examples.egg-info
[1.363s] writing crazyflie_examples.egg-info/PKG-INFO
[1.363s] writing dependency_links to crazyflie_examples.egg-info/dependency_links.txt
[1.363s] writing entry points to crazyflie_examples.egg-info/entry_points.txt
[1.363s] writing top-level names to crazyflie_examples.egg-info/top_level.txt
[1.363s] writing manifest file 'crazyflie_examples.egg-info/SOURCES.txt'
[1.365s] reading manifest file 'crazyflie_examples.egg-info/SOURCES.txt'
[1.365s] writing manifest file 'crazyflie_examples.egg-info/SOURCES.txt'
[1.366s] Installing arming script to scripts
[1.366s] Installing cmd_full_state script to scripts
[1.366s] Installing figure8 script to scripts
[1.366s] Installing goto_unicast script to scripts
[1.366s] Installing group_mask script to scripts
[1.367s] Installing hello_world script to scripts
[1.367s] Installing infinite_flight script to scripts
[1.367s] Installing multi_trajectory script to scripts
[1.367s] Installing nice_hover script to scripts
[1.367s] Installing set_param script to scripts
[1.367s] Installing swap script to scripts
[1.408s] Built target ament_cmake_python_build_crazyflie_examples_scripts
[1.450s] running egg_info
[1.451s] writing crazyflie_examples.egg-info/PKG-INFO
[1.451s] writing dependency_links to crazyflie_examples.egg-info/dependency_links.txt
[1.451s] writing entry points to crazyflie_examples.egg-info/entry_points.txt
[1.451s] writing top-level names to crazyflie_examples.egg-info/top_level.txt
[1.454s] reading manifest file 'crazyflie_examples.egg-info/SOURCES.txt'
[1.455s] writing manifest file 'crazyflie_examples.egg-info/SOURCES.txt'
[1.488s] Built target ament_cmake_python_build_crazyflie_examples_egg
[1.497s] Invoked command in '/home/weixuan/capstone/simulation/crazyflie_mapping_demo/ros2_ws/build/crazyflie_examples' returned '0': AMENT_PREFIX_PATH=/home/weixuan/capstone/simulation/crazyflie_mapping_demo/ros2_ws/install/crazyflie_py:/home/weixuan/capstone/simulation/crazyflie_mapping_demo/ros2_ws/install/crazyflie_interfaces:${AMENT_PREFIX_PATH} CMAKE_PREFIX_PATH=/home/weixuan/capstone/simulation/crazyflie_mapping_demo/ros2_ws/install/crazyflie_interfaces:/opt/ros/humble LD_LIBRARY_PATH=/home/weixuan/capstone/simulation/crazyflie_mapping_demo/ros2_ws/install/crazyflie_interfaces/lib:${LD_LIBRARY_PATH} PYTHONPATH=/home/weixuan/capstone/simulation/crazyflie_mapping_demo/ros2_ws/install/crazyflie_py/lib/python3.10/site-packages:/home/weixuan/capstone/simulation/crazyflie_mapping_demo/ros2_ws/install/crazyflie_interfaces/local/lib/python3.10/dist-packages:${PYTHONPATH} /usr/bin/cmake --build /home/weixuan/capstone/simulation/crazyflie_mapping_demo/ros2_ws/build/crazyflie_examples -- -j12 -l12
[1.498s] Invoking command in '/home/weixuan/capstone/simulation/crazyflie_mapping_demo/ros2_ws/build/crazyflie_examples': AMENT_PREFIX_PATH=/home/weixuan/capstone/simulation/crazyflie_mapping_demo/ros2_ws/install/crazyflie_py:/home/weixuan/capstone/simulation/crazyflie_mapping_demo/ros2_ws/install/crazyflie_interfaces:${AMENT_PREFIX_PATH} CMAKE_PREFIX_PATH=/home/weixuan/capstone/simulation/crazyflie_mapping_demo/ros2_ws/install/crazyflie_interfaces:/opt/ros/humble LD_LIBRARY_PATH=/home/weixuan/capstone/simulation/crazyflie_mapping_demo/ros2_ws/install/crazyflie_interfaces/lib:${LD_LIBRARY_PATH} PYTHONPATH=/home/weixuan/capstone/simulation/crazyflie_mapping_demo/ros2_ws/install/crazyflie_py/lib/python3.10/site-packages:/home/weixuan/capstone/simulation/crazyflie_mapping_demo/ros2_ws/install/crazyflie_interfaces/local/lib/python3.10/dist-packages:${PYTHONPATH} /usr/bin/cmake --install /home/weixuan/capstone/simulation/crazyflie_mapping_demo/ros2_ws/build/crazyflie_examples
[1.506s] -- Install configuration: ""
[1.506s] -- Installing: /home/weixuan/capstone/simulation/crazyflie_mapping_demo/ros2_ws/install/crazyflie_examples/share/crazyflie_examples/environment/pythonpath.sh
[1.506s] -- Installing: /home/weixuan/capstone/simulation/crazyflie_mapping_demo/ros2_ws/install/crazyflie_examples/share/crazyflie_examples/environment/pythonpath.dsv
[1.506s] -- Installing: /home/weixuan/capstone/simulation/crazyflie_mapping_demo/ros2_ws/install/crazyflie_examples/local/lib/python3.10/dist-packages/crazyflie_examples-1.0.3-py3.10.egg-info
[1.506s] -- Installing: /home/weixuan/capstone/simulation/crazyflie_mapping_demo/ros2_ws/install/crazyflie_examples/local/lib/python3.10/dist-packages/crazyflie_examples-1.0.3-py3.10.egg-info/SOURCES.txt
[1.506s] -- Installing: /home/weixuan/capstone/simulation/crazyflie_mapping_demo/ros2_ws/install/crazyflie_examples/local/lib/python3.10/dist-packages/crazyflie_examples-1.0.3-py3.10.egg-info/dependency_links.txt
[1.506s] -- Installing: /home/weixuan/capstone/simulation/crazyflie_mapping_demo/ros2_ws/install/crazyflie_examples/local/lib/python3.10/dist-packages/crazyflie_examples-1.0.3-py3.10.egg-info/top_level.txt
[1.506s] -- Installing: /home/weixuan/capstone/simulation/crazyflie_mapping_demo/ros2_ws/install/crazyflie_examples/local/lib/python3.10/dist-packages/crazyflie_examples-1.0.3-py3.10.egg-info/PKG-INFO
[1.506s] -- Installing: /home/weixuan/capstone/simulation/crazyflie_mapping_demo/ros2_ws/install/crazyflie_examples/local/lib/python3.10/dist-packages/crazyflie_examples-1.0.3-py3.10.egg-info/entry_points.txt
[1.506s] -- Installing: /home/weixuan/capstone/simulation/crazyflie_mapping_demo/ros2_ws/install/crazyflie_examples/lib/crazyflie_examples/
[1.507s] -- Installing: /home/weixuan/capstone/simulation/crazyflie_mapping_demo/ros2_ws/install/crazyflie_examples/lib/crazyflie_examples//goto_unicast
[1.507s] -- Installing: /home/weixuan/capstone/simulation/crazyflie_mapping_demo/ros2_ws/install/crazyflie_examples/lib/crazyflie_examples//infinite_flight
[1.507s] -- Installing: /home/weixuan/capstone/simulation/crazyflie_mapping_demo/ros2_ws/install/crazyflie_examples/lib/crazyflie_examples//nice_hover
[1.507s] -- Installing: /home/weixuan/capstone/simulation/crazyflie_mapping_demo/ros2_ws/install/crazyflie_examples/lib/crazyflie_examples//cmd_full_state
[1.507s] -- Installing: /home/weixuan/capstone/simulation/crazyflie_mapping_demo/ros2_ws/install/crazyflie_examples/lib/crazyflie_examples//set_param
[1.507s] -- Installing: /home/weixuan/capstone/simulation/crazyflie_mapping_demo/ros2_ws/install/crazyflie_examples/lib/crazyflie_examples//figure8
[1.507s] -- Installing: /home/weixuan/capstone/simulation/crazyflie_mapping_demo/ros2_ws/install/crazyflie_examples/lib/crazyflie_examples//hello_world
[1.507s] -- Installing: /home/weixuan/capstone/simulation/crazyflie_mapping_demo/ros2_ws/install/crazyflie_examples/lib/crazyflie_examples//arming
[1.507s] -- Installing: /home/weixuan/capstone/simulation/crazyflie_mapping_demo/ros2_ws/install/crazyflie_examples/lib/crazyflie_examples//group_mask
[1.507s] -- Installing: /home/weixuan/capstone/simulation/crazyflie_mapping_demo/ros2_ws/install/crazyflie_examples/lib/crazyflie_examples//multi_trajectory
[1.507s] -- Installing: /home/weixuan/capstone/simulation/crazyflie_mapping_demo/ros2_ws/install/crazyflie_examples/lib/crazyflie_examples//swap
[1.508s] -- Installing: /home/weixuan/capstone/simulation/crazyflie_mapping_demo/ros2_ws/install/crazyflie_examples/local/lib/python3.10/dist-packages/crazyflie_examples
[1.508s] -- Installing: /home/weixuan/capstone/simulation/crazyflie_mapping_demo/ros2_ws/install/crazyflie_examples/local/lib/python3.10/dist-packages/crazyflie_examples/figure8.py
[1.508s] -- Installing: /home/weixuan/capstone/simulation/crazyflie_mapping_demo/ros2_ws/install/crazyflie_examples/local/lib/python3.10/dist-packages/crazyflie_examples/swap.py
[1.508s] -- Installing: /home/weixuan/capstone/simulation/crazyflie_mapping_demo/ros2_ws/install/crazyflie_examples/local/lib/python3.10/dist-packages/crazyflie_examples/multi_trajectory.py
[1.508s] -- Installing: /home/weixuan/capstone/simulation/crazyflie_mapping_demo/ros2_ws/install/crazyflie_examples/local/lib/python3.10/dist-packages/crazyflie_examples/cmd_full_state.py
[1.508s] -- Installing: /home/weixuan/capstone/simulation/crazyflie_mapping_demo/ros2_ws/install/crazyflie_examples/local/lib/python3.10/dist-packages/crazyflie_examples/infinite_flight.py
[1.508s] -- Installing: /home/weixuan/capstone/simulation/crazyflie_mapping_demo/ros2_ws/install/crazyflie_examples/local/lib/python3.10/dist-packages/crazyflie_examples/group_mask.py
[1.508s] -- Installing: /home/weixuan/capstone/simulation/crazyflie_mapping_demo/ros2_ws/install/crazyflie_examples/local/lib/python3.10/dist-packages/crazyflie_examples/goto_unicast.py
[1.508s] -- Installing: /home/weixuan/capstone/simulation/crazyflie_mapping_demo/ros2_ws/install/crazyflie_examples/local/lib/python3.10/dist-packages/crazyflie_examples/__init__.py
[1.508s] -- Installing: /home/weixuan/capstone/simulation/crazyflie_mapping_demo/ros2_ws/install/crazyflie_examples/local/lib/python3.10/dist-packages/crazyflie_examples/nice_hover.py
[1.508s] -- Installing: /home/weixuan/capstone/simulation/crazyflie_mapping_demo/ros2_ws/install/crazyflie_examples/local/lib/python3.10/dist-packages/crazyflie_examples/data
[1.508s] -- Installing: /home/weixuan/capstone/simulation/crazyflie_mapping_demo/ros2_ws/install/crazyflie_examples/local/lib/python3.10/dist-packages/crazyflie_examples/data/figure8.csv
[1.508s] -- Installing: /home/weixuan/capstone/simulation/crazyflie_mapping_demo/ros2_ws/install/crazyflie_examples/local/lib/python3.10/dist-packages/crazyflie_examples/data/multi_trajectory
[1.509s] -- Installing: /home/weixuan/capstone/simulation/crazyflie_mapping_demo/ros2_ws/install/crazyflie_examples/local/lib/python3.10/dist-packages/crazyflie_examples/data/multi_trajectory/traj1.csv
[1.509s] -- Installing: /home/weixuan/capstone/simulation/crazyflie_mapping_demo/ros2_ws/install/crazyflie_examples/local/lib/python3.10/dist-packages/crazyflie_examples/data/multi_trajectory/traj0.csv
[1.509s] -- Installing: /home/weixuan/capstone/simulation/crazyflie_mapping_demo/ros2_ws/install/crazyflie_examples/local/lib/python3.10/dist-packages/crazyflie_examples/arming.py
[1.509s] -- Installing: /home/weixuan/capstone/simulation/crazyflie_mapping_demo/ros2_ws/install/crazyflie_examples/local/lib/python3.10/dist-packages/crazyflie_examples/hello_world.py
[1.509s] -- Installing: /home/weixuan/capstone/simulation/crazyflie_mapping_demo/ros2_ws/install/crazyflie_examples/local/lib/python3.10/dist-packages/crazyflie_examples/set_param.py
[1.536s] Listing '/home/weixuan/capstone/simulation/crazyflie_mapping_demo/ros2_ws/install/crazyflie_examples/local/lib/python3.10/dist-packages/crazyflie_examples'...
[1.536s] Compiling '/home/weixuan/capstone/simulation/crazyflie_mapping_demo/ros2_ws/install/crazyflie_examples/local/lib/python3.10/dist-packages/crazyflie_examples/__init__.py'...
[1.537s] Compiling '/home/weixuan/capstone/simulation/crazyflie_mapping_demo/ros2_ws/install/crazyflie_examples/local/lib/python3.10/dist-packages/crazyflie_examples/arming.py'...
[1.537s] Compiling '/home/weixuan/capstone/simulation/crazyflie_mapping_demo/ros2_ws/install/crazyflie_examples/local/lib/python3.10/dist-packages/crazyflie_examples/cmd_full_state.py'...
[1.537s] Listing '/home/weixuan/capstone/simulation/crazyflie_mapping_demo/ros2_ws/install/crazyflie_examples/local/lib/python3.10/dist-packages/crazyflie_examples/data'...
[1.537s] Listing '/home/weixuan/capstone/simulation/crazyflie_mapping_demo/ros2_ws/install/crazyflie_examples/local/lib/python3.10/dist-packages/crazyflie_examples/data/multi_trajectory'...
[1.537s] Compiling '/home/weixuan/capstone/simulation/crazyflie_mapping_demo/ros2_ws/install/crazyflie_examples/local/lib/python3.10/dist-packages/crazyflie_examples/figure8.py'...
[1.537s] Compiling '/home/weixuan/capstone/simulation/crazyflie_mapping_demo/ros2_ws/install/crazyflie_examples/local/lib/python3.10/dist-packages/crazyflie_examples/goto_unicast.py'...
[1.537s] Compiling '/home/weixuan/capstone/simulation/crazyflie_mapping_demo/ros2_ws/install/crazyflie_examples/local/lib/python3.10/dist-packages/crazyflie_examples/group_mask.py'...
[1.537s] Compiling '/home/weixuan/capstone/simulation/crazyflie_mapping_demo/ros2_ws/install/crazyflie_examples/local/lib/python3.10/dist-packages/crazyflie_examples/hello_world.py'...
[1.537s] Compiling '/home/weixuan/capstone/simulation/crazyflie_mapping_demo/ros2_ws/install/crazyflie_examples/local/lib/python3.10/dist-packages/crazyflie_examples/infinite_flight.py'...
[1.537s] Compiling '/home/weixuan/capstone/simulation/crazyflie_mapping_demo/ros2_ws/install/crazyflie_examples/local/lib/python3.10/dist-packages/crazyflie_examples/multi_trajectory.py'...
[1.537s] Compiling '/home/weixuan/capstone/simulation/crazyflie_mapping_demo/ros2_ws/install/crazyflie_examples/local/lib/python3.10/dist-packages/crazyflie_examples/nice_hover.py'...
[1.537s] Compiling '/home/weixuan/capstone/simulation/crazyflie_mapping_demo/ros2_ws/install/crazyflie_examples/local/lib/python3.10/dist-packages/crazyflie_examples/set_param.py'...
[1.537s] Compiling '/home/weixuan/capstone/simulation/crazyflie_mapping_demo/ros2_ws/install/crazyflie_examples/local/lib/python3.10/dist-packages/crazyflie_examples/swap.py'...
[1.540s] -- Installing: /home/weixuan/capstone/simulation/crazyflie_mapping_demo/ros2_ws/install/crazyflie_examples/share/crazyflie_examples//config
[1.540s] -- Installing: /home/weixuan/capstone/simulation/crazyflie_mapping_demo/ros2_ws/install/crazyflie_examples/share/crazyflie_examples//config/nav2_view.rviz
[1.540s] -- Installing: /home/weixuan/capstone/simulation/crazyflie_mapping_demo/ros2_ws/install/crazyflie_examples/share/crazyflie_examples//config/slam_params.yaml
[1.540s] -- Installing: /home/weixuan/capstone/simulation/crazyflie_mapping_demo/ros2_ws/install/crazyflie_examples/share/crazyflie_examples//config/nav2_params.yaml
[1.541s] -- Installing: /home/weixuan/capstone/simulation/crazyflie_mapping_demo/ros2_ws/install/crazyflie_examples/share/crazyflie_examples//data
[1.541s] -- Installing: /home/weixuan/capstone/simulation/crazyflie_mapping_demo/ros2_ws/install/crazyflie_examples/share/crazyflie_examples//data/map.posegraph
[1.541s] -- Installing: /home/weixuan/capstone/simulation/crazyflie_mapping_demo/ros2_ws/install/crazyflie_examples/share/crazyflie_examples//data/map.data
[1.541s] -- Installing: /home/weixuan/capstone/simulation/crazyflie_mapping_demo/ros2_ws/install/crazyflie_examples/share/crazyflie_examples//data/map.yaml
[1.542s] -- Installing: /home/weixuan/capstone/simulation/crazyflie_mapping_demo/ros2_ws/install/crazyflie_examples/share/crazyflie_examples//data/map.pgm
[1.542s] -- Installing: /home/weixuan/capstone/simulation/crazyflie_mapping_demo/ros2_ws/install/crazyflie_examples/share/crazyflie_examples//launch
[1.542s] -- Installing: /home/weixuan/capstone/simulation/crazyflie_mapping_demo/ros2_ws/install/crazyflie_examples/share/crazyflie_examples//launch/launch.py
[1.542s] -- Installing: /home/weixuan/capstone/simulation/crazyflie_mapping_demo/ros2_ws/install/crazyflie_examples/share/crazyflie_examples//launch/keyboard_velmux_launch.py
[1.542s] -- Installing: /home/weixuan/capstone/simulation/crazyflie_mapping_demo/ros2_ws/install/crazyflie_examples/share/crazyflie_examples//launch/multiranger_nav2_launch.py
[1.542s] -- Installing: /home/weixuan/capstone/simulation/crazyflie_mapping_demo/ros2_ws/install/crazyflie_examples/share/crazyflie_examples//launch/multiranger_mapping_launch.py
[1.542s] -- Installing: /home/weixuan/capstone/simulation/crazyflie_mapping_demo/ros2_ws/install/crazyflie_examples/share/crazyflie_examples//launch/multiranger_simple_mapper_launch.py
[1.542s] -- Installing: /home/weixuan/capstone/simulation/crazyflie_mapping_demo/ros2_ws/install/crazyflie_examples/share/ament_index/resource_index/package_run_dependencies/crazyflie_examples
[1.542s] -- Installing: /home/weixuan/capstone/simulation/crazyflie_mapping_demo/ros2_ws/install/crazyflie_examples/share/ament_index/resource_index/parent_prefix_path/crazyflie_examples
[1.542s] -- Installing: /home/weixuan/capstone/simulation/crazyflie_mapping_demo/ros2_ws/install/crazyflie_examples/share/crazyflie_examples/environment/ament_prefix_path.sh
[1.542s] -- Installing: /home/weixuan/capstone/simulation/crazyflie_mapping_demo/ros2_ws/install/crazyflie_examples/share/crazyflie_examples/environment/ament_prefix_path.dsv
[1.542s] -- Installing: /home/weixuan/capstone/simulation/crazyflie_mapping_demo/ros2_ws/install/crazyflie_examples/share/crazyflie_examples/environment/path.sh
[1.542s] -- Installing: /home/weixuan/capstone/simulation/crazyflie_mapping_demo/ros2_ws/install/crazyflie_examples/share/crazyflie_examples/environment/path.dsv
[1.543s] -- Installing: /home/weixuan/capstone/simulation/crazyflie_mapping_demo/ros2_ws/install/crazyflie_examples/share/crazyflie_examples/local_setup.bash
[1.543s] -- Installing: /home/weixuan/capstone/simulation/crazyflie_mapping_demo/ros2_ws/install/crazyflie_examples/share/crazyflie_examples/local_setup.sh
[1.543s] -- Installing: /home/weixuan/capstone/simulation/crazyflie_mapping_demo/ros2_ws/install/crazyflie_examples/share/crazyflie_examples/local_setup.zsh
[1.543s] -- Installing: /home/weixuan/capstone/simulation/crazyflie_mapping_demo/ros2_ws/install/crazyflie_examples/share/crazyflie_examples/local_setup.dsv
[1.543s] -- Installing: /home/weixuan/capstone/simulation/crazyflie_mapping_demo/ros2_ws/install/crazyflie_examples/share/crazyflie_examples/package.dsv
[1.543s] -- Installing: /home/weixuan/capstone/simulation/crazyflie_mapping_demo/ros2_ws/install/crazyflie_examples/share/ament_index/resource_index/packages/crazyflie_examples
[1.543s] -- Installing: /home/weixuan/capstone/simulation/crazyflie_mapping_demo/ros2_ws/install/crazyflie_examples/share/crazyflie_examples/cmake/crazyflie_examplesConfig.cmake
[1.543s] -- Installing: /home/weixuan/capstone/simulation/crazyflie_mapping_demo/ros2_ws/install/crazyflie_examples/share/crazyflie_examples/cmake/crazyflie_examplesConfig-version.cmake
[1.543s] -- Installing: /home/weixuan/capstone/simulation/crazyflie_mapping_demo/ros2_ws/install/crazyflie_examples/share/crazyflie_examples/package.xml
[1.545s] Invoked command in '/home/weixuan/capstone/simulation/crazyflie_mapping_demo/ros2_ws/build/crazyflie_examples' returned '0': AMENT_PREFIX_PATH=/home/weixuan/capstone/simulation/crazyflie_mapping_demo/ros2_ws/install/crazyflie_py:/home/weixuan/capstone/simulation/crazyflie_mapping_demo/ros2_ws/install/crazyflie_interfaces:${AMENT_PREFIX_PATH} CMAKE_PREFIX_PATH=/home/weixuan/capstone/simulation/crazyflie_mapping_demo/ros2_ws/install/crazyflie_interfaces:/opt/ros/humble LD_LIBRARY_PATH=/home/weixuan/capstone/simulation/crazyflie_mapping_demo/ros2_ws/install/crazyflie_interfaces/lib:${LD_LIBRARY_PATH} PYTHONPATH=/home/weixuan/capstone/simulation/crazyflie_mapping_demo/ros2_ws/install/crazyflie_py/lib/python3.10/site-packages:/home/weixuan/capstone/simulation/crazyflie_mapping_demo/ros2_ws/install/crazyflie_interfaces/local/lib/python3.10/dist-packages:${PYTHONPATH} /usr/bin/cmake --install /home/weixuan/capstone/simulation/crazyflie_mapping_demo/ros2_ws/build/crazyflie_examples
