[0.676s] Invoking command in '/home/weixuan/capstone/simulation/crazyflie_mapping_demo/ros2_ws/src/ros_gz_crazyflie/ros_gz_crazyflie_control': PYTHONPATH=/home/weixuan/capstone/simulation/crazyflie_mapping_demo/ros2_ws/build/ros_gz_crazyflie_control/prefix_override:/usr/lib/python3/dist-packages/colcon_core/task/python/colcon_distutils_commands:/home/weixuan/capstone/simulation/crazyflie_mapping_demo/ros2_ws/install/ros_gz_crazyflie_control/lib/python3.10/site-packages:${PYTHONPATH} /usr/bin/python3 -W ignore:setup.py install is deprecated -W ignore:easy_install command is deprecated setup.py egg_info --egg-base ../../../build/ros_gz_crazyflie_control build --build-base /home/weixuan/capstone/simulation/crazyflie_mapping_demo/ros2_ws/build/ros_gz_crazyflie_control/build install --record /home/weixuan/capstone/simulation/crazyflie_mapping_demo/ros2_ws/build/ros_gz_crazyflie_control/install.log --single-version-externally-managed install_data
[0.868s] running egg_info
[0.869s] creating ../../../build/ros_gz_crazyflie_control/ros_gz_crazyflie_control.egg-info
[0.869s] writing ../../../build/ros_gz_crazyflie_control/ros_gz_crazyflie_control.egg-info/PKG-INFO
[0.869s] writing dependency_links to ../../../build/ros_gz_crazyflie_control/ros_gz_crazyflie_control.egg-info/dependency_links.txt
[0.869s] writing entry points to ../../../build/ros_gz_crazyflie_control/ros_gz_crazyflie_control.egg-info/entry_points.txt
[0.869s] writing requirements to ../../../build/ros_gz_crazyflie_control/ros_gz_crazyflie_control.egg-info/requires.txt
[0.869s] writing top-level names to ../../../build/ros_gz_crazyflie_control/ros_gz_crazyflie_control.egg-info/top_level.txt
[0.869s] writing manifest file '../../../build/ros_gz_crazyflie_control/ros_gz_crazyflie_control.egg-info/SOURCES.txt'
[0.870s] reading manifest file '../../../build/ros_gz_crazyflie_control/ros_gz_crazyflie_control.egg-info/SOURCES.txt'
[0.870s] writing manifest file '../../../build/ros_gz_crazyflie_control/ros_gz_crazyflie_control.egg-info/SOURCES.txt'
[0.870s] running build
[0.871s] running build_py
[0.871s] creating /home/weixuan/capstone/simulation/crazyflie_mapping_demo/ros2_ws/build/ros_gz_crazyflie_control/build
[0.871s] creating /home/weixuan/capstone/simulation/crazyflie_mapping_demo/ros2_ws/build/ros_gz_crazyflie_control/build/lib
[0.871s] creating /home/weixuan/capstone/simulation/crazyflie_mapping_demo/ros2_ws/build/ros_gz_crazyflie_control/build/lib/ros_gz_crazyflie_control
[0.871s] copying ros_gz_crazyflie_control/__init__.py -> /home/weixuan/capstone/simulation/crazyflie_mapping_demo/ros2_ws/build/ros_gz_crazyflie_control/build/lib/ros_gz_crazyflie_control
[0.871s] copying ros_gz_crazyflie_control/control_services.py -> /home/weixuan/capstone/simulation/crazyflie_mapping_demo/ros2_ws/build/ros_gz_crazyflie_control/build/lib/ros_gz_crazyflie_control
[0.871s] running install
[0.871s] running install_lib
[0.871s] creating /home/weixuan/capstone/simulation/crazyflie_mapping_demo/ros2_ws/install/ros_gz_crazyflie_control/lib/python3.10/site-packages/ros_gz_crazyflie_control
[0.872s] copying /home/weixuan/capstone/simulation/crazyflie_mapping_demo/ros2_ws/build/ros_gz_crazyflie_control/build/lib/ros_gz_crazyflie_control/__init__.py -> /home/weixuan/capstone/simulation/crazyflie_mapping_demo/ros2_ws/install/ros_gz_crazyflie_control/lib/python3.10/site-packages/ros_gz_crazyflie_control
[0.872s] copying /home/weixuan/capstone/simulation/crazyflie_mapping_demo/ros2_ws/build/ros_gz_crazyflie_control/build/lib/ros_gz_crazyflie_control/control_services.py -> /home/weixuan/capstone/simulation/crazyflie_mapping_demo/ros2_ws/install/ros_gz_crazyflie_control/lib/python3.10/site-packages/ros_gz_crazyflie_control
[0.872s] byte-compiling /home/weixuan/capstone/simulation/crazyflie_mapping_demo/ros2_ws/install/ros_gz_crazyflie_control/lib/python3.10/site-packages/ros_gz_crazyflie_control/__init__.py to __init__.cpython-310.pyc
[0.872s] byte-compiling /home/weixuan/capstone/simulation/crazyflie_mapping_demo/ros2_ws/install/ros_gz_crazyflie_control/lib/python3.10/site-packages/ros_gz_crazyflie_control/control_services.py to control_services.cpython-310.pyc
[0.872s] running install_data
[0.873s] creating /home/weixuan/capstone/simulation/crazyflie_mapping_demo/ros2_ws/install/ros_gz_crazyflie_control/share/ament_index
[0.873s] creating /home/weixuan/capstone/simulation/crazyflie_mapping_demo/ros2_ws/install/ros_gz_crazyflie_control/share/ament_index/resource_index
[0.873s] creating /home/weixuan/capstone/simulation/crazyflie_mapping_demo/ros2_ws/install/ros_gz_crazyflie_control/share/ament_index/resource_index/packages
[0.873s] copying resource/ros_gz_crazyflie_control -> /home/weixuan/capstone/simulation/crazyflie_mapping_demo/ros2_ws/install/ros_gz_crazyflie_control/share/ament_index/resource_index/packages
[0.873s] copying package.xml -> /home/weixuan/capstone/simulation/crazyflie_mapping_demo/ros2_ws/install/ros_gz_crazyflie_control/share/ros_gz_crazyflie_control
[0.873s] running install_egg_info
[0.874s] Copying ../../../build/ros_gz_crazyflie_control/ros_gz_crazyflie_control.egg-info to /home/weixuan/capstone/simulation/crazyflie_mapping_demo/ros2_ws/install/ros_gz_crazyflie_control/lib/python3.10/site-packages/ros_gz_crazyflie_control-0.0.0-py3.10.egg-info
[0.874s] running install_scripts
[0.888s] Installing control_services script to /home/weixuan/capstone/simulation/crazyflie_mapping_demo/ros2_ws/install/ros_gz_crazyflie_control/lib/ros_gz_crazyflie_control
[0.888s] writing list of installed files to '/home/weixuan/capstone/simulation/crazyflie_mapping_demo/ros2_ws/build/ros_gz_crazyflie_control/install.log'
[0.909s] Invoked command in '/home/weixuan/capstone/simulation/crazyflie_mapping_demo/ros2_ws/src/ros_gz_crazyflie/ros_gz_crazyflie_control' returned '0': PYTHONPATH=/home/weixuan/capstone/simulation/crazyflie_mapping_demo/ros2_ws/build/ros_gz_crazyflie_control/prefix_override:/usr/lib/python3/dist-packages/colcon_core/task/python/colcon_distutils_commands:/home/weixuan/capstone/simulation/crazyflie_mapping_demo/ros2_ws/install/ros_gz_crazyflie_control/lib/python3.10/site-packages:${PYTHONPATH} /usr/bin/python3 -W ignore:setup.py install is deprecated -W ignore:easy_install command is deprecated setup.py egg_info --egg-base ../../../build/ros_gz_crazyflie_control build --build-base /home/weixuan/capstone/simulation/crazyflie_mapping_demo/ros2_ws/build/ros_gz_crazyflie_control/build install --record /home/weixuan/capstone/simulation/crazyflie_mapping_demo/ros2_ws/build/ros_gz_crazyflie_control/install.log --single-version-externally-managed install_data
