[0.008s] Invoking command in '/home/weixuan/capstone/simulation/crazyflie_mapping_demo/ros2_ws/build/crazyflie_ros2_multiranger_bringup': AMENT_PREFIX_PATH=/home/weixuan/capstone/simulation/crazyflie_mapping_demo/ros2_ws/install/ros_gz_crazyflie_bringup:/home/weixuan/capstone/simulation/crazyflie_mapping_demo/ros2_ws/install/ros_gz_crazyflie_gazebo:${AMENT_PREFIX_PATH} CMAKE_PREFIX_PATH=/home/weixuan/capstone/simulation/crazyflie_mapping_demo/ros2_ws/install/ros_gz_crazyflie_bringup:/home/weixuan/capstone/simulation/crazyflie_mapping_demo/ros2_ws/install/ros_gz_crazyflie_gazebo:/opt/ros/humble /usr/bin/cmake --build /home/weixuan/capstone/simulation/crazyflie_mapping_demo/ros2_ws/build/crazyflie_ros2_multiranger_bringup -- -j12 -l12
[0.059s] Invoked command in '/home/weixuan/capstone/simulation/crazyflie_mapping_demo/ros2_ws/build/crazyflie_ros2_multiranger_bringup' returned '0': AMENT_PREFIX_PATH=/home/weixuan/capstone/simulation/crazyflie_mapping_demo/ros2_ws/install/ros_gz_crazyflie_bringup:/home/weixuan/capstone/simulation/crazyflie_mapping_demo/ros2_ws/install/ros_gz_crazyflie_gazebo:${AMENT_PREFIX_PATH} CMAKE_PREFIX_PATH=/home/weixuan/capstone/simulation/crazyflie_mapping_demo/ros2_ws/install/ros_gz_crazyflie_bringup:/home/weixuan/capstone/simulation/crazyflie_mapping_demo/ros2_ws/install/ros_gz_crazyflie_gazebo:/opt/ros/humble /usr/bin/cmake --build /home/weixuan/capstone/simulation/crazyflie_mapping_demo/ros2_ws/build/crazyflie_ros2_multiranger_bringup -- -j12 -l12
[0.060s] Invoking command in '/home/weixuan/capstone/simulation/crazyflie_mapping_demo/ros2_ws/build/crazyflie_ros2_multiranger_bringup': AMENT_PREFIX_PATH=/home/weixuan/capstone/simulation/crazyflie_mapping_demo/ros2_ws/install/ros_gz_crazyflie_bringup:/home/weixuan/capstone/simulation/crazyflie_mapping_demo/ros2_ws/install/ros_gz_crazyflie_gazebo:${AMENT_PREFIX_PATH} CMAKE_PREFIX_PATH=/home/weixuan/capstone/simulation/crazyflie_mapping_demo/ros2_ws/install/ros_gz_crazyflie_bringup:/home/weixuan/capstone/simulation/crazyflie_mapping_demo/ros2_ws/install/ros_gz_crazyflie_gazebo:/opt/ros/humble /usr/bin/cmake --install /home/weixuan/capstone/simulation/crazyflie_mapping_demo/ros2_ws/build/crazyflie_ros2_multiranger_bringup
[0.067s] -- Install configuration: ""
[0.067s] -- Up-to-date: /home/weixuan/capstone/simulation/crazyflie_mapping_demo/ros2_ws/install/crazyflie_ros2_multiranger_bringup/share/crazyflie_ros2_multiranger_bringup//launch
[0.067s] -- Up-to-date: /home/weixuan/capstone/simulation/crazyflie_mapping_demo/ros2_ws/install/crazyflie_ros2_multiranger_bringup/share/crazyflie_ros2_multiranger_bringup//launch/wall_follower_mapper_real.launch.py
[0.067s] -- Up-to-date: /home/weixuan/capstone/simulation/crazyflie_mapping_demo/ros2_ws/install/crazyflie_ros2_multiranger_bringup/share/crazyflie_ros2_multiranger_bringup//launch/simple_mapper_simulation.launch.py
[0.067s] -- Up-to-date: /home/weixuan/capstone/simulation/crazyflie_mapping_demo/ros2_ws/install/crazyflie_ros2_multiranger_bringup/share/crazyflie_ros2_multiranger_bringup//launch/simple_mapper_real.launch.py
[0.067s] -- Up-to-date: /home/weixuan/capstone/simulation/crazyflie_mapping_demo/ros2_ws/install/crazyflie_ros2_multiranger_bringup/share/crazyflie_ros2_multiranger_bringup//launch/wall_follower_mapper_simulation.launch.py
[0.067s] -- Up-to-date: /home/weixuan/capstone/simulation/crazyflie_mapping_demo/ros2_ws/install/crazyflie_ros2_multiranger_bringup/share/crazyflie_ros2_multiranger_bringup//config
[0.067s] -- Up-to-date: /home/weixuan/capstone/simulation/crazyflie_mapping_demo/ros2_ws/install/crazyflie_ros2_multiranger_bringup/share/crazyflie_ros2_multiranger_bringup//config/real_mapping.rviz
[0.067s] -- Up-to-date: /home/weixuan/capstone/simulation/crazyflie_mapping_demo/ros2_ws/install/crazyflie_ros2_multiranger_bringup/share/crazyflie_ros2_multiranger_bringup//config/crazyflie_real_crazyswarm2.yaml
[0.068s] -- Up-to-date: /home/weixuan/capstone/simulation/crazyflie_mapping_demo/ros2_ws/install/crazyflie_ros2_multiranger_bringup/share/crazyflie_ros2_multiranger_bringup//config/sim_mapping.rviz
[0.068s] -- Up-to-date: /home/weixuan/capstone/simulation/crazyflie_mapping_demo/ros2_ws/install/crazyflie_ros2_multiranger_bringup/share/ament_index/resource_index/package_run_dependencies/crazyflie_ros2_multiranger_bringup
[0.068s] -- Up-to-date: /home/weixuan/capstone/simulation/crazyflie_mapping_demo/ros2_ws/install/crazyflie_ros2_multiranger_bringup/share/ament_index/resource_index/parent_prefix_path/crazyflie_ros2_multiranger_bringup
[0.068s] -- Up-to-date: /home/weixuan/capstone/simulation/crazyflie_mapping_demo/ros2_ws/install/crazyflie_ros2_multiranger_bringup/share/crazyflie_ros2_multiranger_bringup/environment/ament_prefix_path.sh
[0.068s] -- Up-to-date: /home/weixuan/capstone/simulation/crazyflie_mapping_demo/ros2_ws/install/crazyflie_ros2_multiranger_bringup/share/crazyflie_ros2_multiranger_bringup/environment/ament_prefix_path.dsv
[0.068s] -- Up-to-date: /home/weixuan/capstone/simulation/crazyflie_mapping_demo/ros2_ws/install/crazyflie_ros2_multiranger_bringup/share/crazyflie_ros2_multiranger_bringup/environment/path.sh
[0.068s] -- Up-to-date: /home/weixuan/capstone/simulation/crazyflie_mapping_demo/ros2_ws/install/crazyflie_ros2_multiranger_bringup/share/crazyflie_ros2_multiranger_bringup/environment/path.dsv
[0.068s] -- Up-to-date: /home/weixuan/capstone/simulation/crazyflie_mapping_demo/ros2_ws/install/crazyflie_ros2_multiranger_bringup/share/crazyflie_ros2_multiranger_bringup/local_setup.bash
[0.068s] -- Up-to-date: /home/weixuan/capstone/simulation/crazyflie_mapping_demo/ros2_ws/install/crazyflie_ros2_multiranger_bringup/share/crazyflie_ros2_multiranger_bringup/local_setup.sh
[0.068s] -- Up-to-date: /home/weixuan/capstone/simulation/crazyflie_mapping_demo/ros2_ws/install/crazyflie_ros2_multiranger_bringup/share/crazyflie_ros2_multiranger_bringup/local_setup.zsh
[0.068s] -- Up-to-date: /home/weixuan/capstone/simulation/crazyflie_mapping_demo/ros2_ws/install/crazyflie_ros2_multiranger_bringup/share/crazyflie_ros2_multiranger_bringup/local_setup.dsv
[0.068s] -- Up-to-date: /home/weixuan/capstone/simulation/crazyflie_mapping_demo/ros2_ws/install/crazyflie_ros2_multiranger_bringup/share/crazyflie_ros2_multiranger_bringup/package.dsv
[0.068s] -- Up-to-date: /home/weixuan/capstone/simulation/crazyflie_mapping_demo/ros2_ws/install/crazyflie_ros2_multiranger_bringup/share/ament_index/resource_index/packages/crazyflie_ros2_multiranger_bringup
[0.074s] -- Up-to-date: /home/weixuan/capstone/simulation/crazyflie_mapping_demo/ros2_ws/install/crazyflie_ros2_multiranger_bringup/share/crazyflie_ros2_multiranger_bringup/cmake/crazyflie_ros2_multiranger_bringupConfig.cmake
[0.074s] -- Up-to-date: /home/weixuan/capstone/simulation/crazyflie_mapping_demo/ros2_ws/install/crazyflie_ros2_multiranger_bringup/share/crazyflie_ros2_multiranger_bringup/cmake/crazyflie_ros2_multiranger_bringupConfig-version.cmake
[0.075s] -- Up-to-date: /home/weixuan/capstone/simulation/crazyflie_mapping_demo/ros2_ws/install/crazyflie_ros2_multiranger_bringup/share/crazyflie_ros2_multiranger_bringup/package.xml
[0.075s] Invoked command in '/home/weixuan/capstone/simulation/crazyflie_mapping_demo/ros2_ws/build/crazyflie_ros2_multiranger_bringup' returned '0': AMENT_PREFIX_PATH=/home/weixuan/capstone/simulation/crazyflie_mapping_demo/ros2_ws/install/ros_gz_crazyflie_bringup:/home/weixuan/capstone/simulation/crazyflie_mapping_demo/ros2_ws/install/ros_gz_crazyflie_gazebo:${AMENT_PREFIX_PATH} CMAKE_PREFIX_PATH=/home/weixuan/capstone/simulation/crazyflie_mapping_demo/ros2_ws/install/ros_gz_crazyflie_bringup:/home/weixuan/capstone/simulation/crazyflie_mapping_demo/ros2_ws/install/ros_gz_crazyflie_gazebo:/opt/ros/humble /usr/bin/cmake --install /home/weixuan/capstone/simulation/crazyflie_mapping_demo/ros2_ws/build/crazyflie_ros2_multiranger_bringup
