[0.180s] Invoking command in '/home/weixuan/crazyflie_mapping_demo/ros2_ws/build/crazyflie': AMENT_PREFIX_PATH=/home/weixuan/crazyflie_mapping_demo/ros2_ws/install/crazyflie_interfaces:${AMENT_PREFIX_PATH} CMAKE_PREFIX_PATH=/home/weixuan/crazyflie_mapping_demo/ros2_ws/install/crazyflie_interfaces:/opt/ros/humble LD_LIBRARY_PATH=/home/weixuan/crazyflie_mapping_demo/ros2_ws/install/crazyflie_interfaces/lib:${LD_LIBRARY_PATH} PYTHONPATH=/home/weixuan/crazyflie_mapping_demo/ros2_ws/install/crazyflie_interfaces/local/lib/python3.10/dist-packages:${PYTHONPATH} /usr/bin/cmake --build /home/weixuan/crazyflie_mapping_demo/ros2_ws/build/crazyflie -- -j12 -l12
[0.226s] [35m[1mConsolidate compiler generated dependencies of target teleop[0m
[0.226s] [35m[1mConsolidate compiler generated dependencies of target crazyflieLinkCpp[0m
[0.246s] [ 22%] Built target crazyflieLinkCpp
[0.249s] [ 27%] Built target teleop
[0.258s] [35m[1mConsolidate compiler generated dependencies of target crazyflie_cpp[0m
[0.274s] [ 35%] Built target crazyflie_cpp
[0.291s] [35m[1mConsolidate compiler generated dependencies of target listParams[0m
[0.291s] [35m[1mConsolidate compiler generated dependencies of target scan[0m
[0.291s] [35m[1mConsolidate compiler generated dependencies of target crazyflie_server[0m
[0.293s] [35m[1mConsolidate compiler generated dependencies of target listLogVariables[0m
[0.293s] [35m[1mConsolidate compiler generated dependencies of target battery[0m
[0.298s] [35m[1mConsolidate compiler generated dependencies of target reboot[0m
[0.298s] [35m[1mConsolidate compiler generated dependencies of target listMemories[0m
[0.301s] [35m[1mConsolidate compiler generated dependencies of target version[0m
[0.308s] [35m[1mConsolidate compiler generated dependencies of target console[0m
[0.308s] [35m[1mConsolidate compiler generated dependencies of target comCheck[0m
[0.314s] [35m[1mConsolidate compiler generated dependencies of target downloadUSDLogfile[0m
[0.314s] [35m[1mConsolidate compiler generated dependencies of target log[0m
[0.326s] [ 40%] Built target battery
[0.331s] [ 45%] Built target listParams
[0.332s] [ 55%] Built target crazyflie_server
[0.332s] [ 55%] Built target listLogVariables
[0.332s] [ 65%] Built target version
[0.333s] [ 65%] Built target listMemories
[0.335s] [ 70%] Built target scan
[0.336s] [ 75%] Built target console
[0.338s] [ 80%] Built target comCheck
[0.339s] [ 85%] Built target reboot
[0.339s] [ 90%] Built target log
[0.340s] [35m[1mConsolidate compiler generated dependencies of target setParam[0m
[0.344s] [ 95%] Built target downloadUSDLogfile
[0.356s] [100%] Built target setParam
[0.365s] Invoked command in '/home/weixuan/crazyflie_mapping_demo/ros2_ws/build/crazyflie' returned '0': AMENT_PREFIX_PATH=/home/weixuan/crazyflie_mapping_demo/ros2_ws/install/crazyflie_interfaces:${AMENT_PREFIX_PATH} CMAKE_PREFIX_PATH=/home/weixuan/crazyflie_mapping_demo/ros2_ws/install/crazyflie_interfaces:/opt/ros/humble LD_LIBRARY_PATH=/home/weixuan/crazyflie_mapping_demo/ros2_ws/install/crazyflie_interfaces/lib:${LD_LIBRARY_PATH} PYTHONPATH=/home/weixuan/crazyflie_mapping_demo/ros2_ws/install/crazyflie_interfaces/local/lib/python3.10/dist-packages:${PYTHONPATH} /usr/bin/cmake --build /home/weixuan/crazyflie_mapping_demo/ros2_ws/build/crazyflie -- -j12 -l12
[0.366s] Invoking command in '/home/weixuan/crazyflie_mapping_demo/ros2_ws/build/crazyflie': AMENT_PREFIX_PATH=/home/weixuan/crazyflie_mapping_demo/ros2_ws/install/crazyflie_interfaces:${AMENT_PREFIX_PATH} CMAKE_PREFIX_PATH=/home/weixuan/crazyflie_mapping_demo/ros2_ws/install/crazyflie_interfaces:/opt/ros/humble LD_LIBRARY_PATH=/home/weixuan/crazyflie_mapping_demo/ros2_ws/install/crazyflie_interfaces/lib:${LD_LIBRARY_PATH} PYTHONPATH=/home/weixuan/crazyflie_mapping_demo/ros2_ws/install/crazyflie_interfaces/local/lib/python3.10/dist-packages:${PYTHONPATH} /usr/bin/cmake --install /home/weixuan/crazyflie_mapping_demo/ros2_ws/build/crazyflie
[0.373s] -- Install configuration: ""
[0.373s] -- Up-to-date: /home/weixuan/crazyflie_mapping_demo/ros2_ws/install/crazyflie/lib/crazyflie/comCheck
[0.373s] -- Up-to-date: /home/weixuan/crazyflie_mapping_demo/ros2_ws/install/crazyflie/lib/crazyflie/scan
[0.374s] -- Up-to-date: /home/weixuan/crazyflie_mapping_demo/ros2_ws/install/crazyflie/lib/crazyflie/listParams
[0.374s] -- Up-to-date: /home/weixuan/crazyflie_mapping_demo/ros2_ws/install/crazyflie/lib/crazyflie/listLogVariables
[0.374s] -- Up-to-date: /home/weixuan/crazyflie_mapping_demo/ros2_ws/install/crazyflie/lib/crazyflie/listMemories
[0.374s] -- Up-to-date: /home/weixuan/crazyflie_mapping_demo/ros2_ws/install/crazyflie/lib/crazyflie/reboot
[0.374s] -- Up-to-date: /home/weixuan/crazyflie_mapping_demo/ros2_ws/install/crazyflie/lib/crazyflie/battery
[0.374s] -- Up-to-date: /home/weixuan/crazyflie_mapping_demo/ros2_ws/install/crazyflie/lib/crazyflie/version
[0.374s] -- Up-to-date: /home/weixuan/crazyflie_mapping_demo/ros2_ws/install/crazyflie/lib/crazyflie/console
[0.375s] -- Up-to-date: /home/weixuan/crazyflie_mapping_demo/ros2_ws/install/crazyflie/lib/crazyflie/log
[0.375s] -- Up-to-date: /home/weixuan/crazyflie_mapping_demo/ros2_ws/install/crazyflie/lib/crazyflie/setParam
[0.375s] -- Up-to-date: /home/weixuan/crazyflie_mapping_demo/ros2_ws/install/crazyflie/lib/crazyflie/downloadUSDLogfile
[0.375s] -- Up-to-date: /home/weixuan/crazyflie_mapping_demo/ros2_ws/install/crazyflie/lib/crazyflie/teleop
[0.375s] -- Up-to-date: /home/weixuan/crazyflie_mapping_demo/ros2_ws/install/crazyflie/lib/crazyflie/crazyflie_server
[0.375s] -- Up-to-date: /home/weixuan/crazyflie_mapping_demo/ros2_ws/install/crazyflie/lib/crazyflie/crazyflie_server.py
[0.376s] -- Up-to-date: /home/weixuan/crazyflie_mapping_demo/ros2_ws/install/crazyflie/lib/crazyflie/chooser.py
[0.376s] -- Up-to-date: /home/weixuan/crazyflie_mapping_demo/ros2_ws/install/crazyflie/lib/crazyflie/vel_mux.py
[0.376s] -- Up-to-date: /home/weixuan/crazyflie_mapping_demo/ros2_ws/install/crazyflie/lib/crazyflie/cfmult.py
[0.376s] -- Up-to-date: /home/weixuan/crazyflie_mapping_demo/ros2_ws/install/crazyflie/lib/crazyflie/simple_mapper_multiranger.py
[0.376s] -- Up-to-date: /home/weixuan/crazyflie_mapping_demo/ros2_ws/install/crazyflie/lib/crazyflie/aideck_streamer.py
[0.376s] -- Up-to-date: /home/weixuan/crazyflie_mapping_demo/ros2_ws/install/crazyflie/lib/crazyflie/gui.py
[0.376s] -- Up-to-date: /home/weixuan/crazyflie_mapping_demo/ros2_ws/install/crazyflie/lib/crazyflie/flash.py
[0.376s] -- Up-to-date: /home/weixuan/crazyflie_mapping_demo/ros2_ws/install/crazyflie/share/crazyflie//launch
[0.376s] -- Up-to-date: /home/weixuan/crazyflie_mapping_demo/ros2_ws/install/crazyflie/share/crazyflie//launch/launch.py
[0.376s] -- Up-to-date: /home/weixuan/crazyflie_mapping_demo/ros2_ws/install/crazyflie/share/crazyflie//launch/teleop_launch.py
[0.376s] -- Up-to-date: /home/weixuan/crazyflie_mapping_demo/ros2_ws/install/crazyflie/share/crazyflie//launch/launch_teleop2.py
[0.376s] -- Up-to-date: /home/weixuan/crazyflie_mapping_demo/ros2_ws/install/crazyflie/share/crazyflie//config
[0.376s] -- Up-to-date: /home/weixuan/crazyflie_mapping_demo/ros2_ws/install/crazyflie/share/crazyflie//config/config.rviz
[0.377s] -- Up-to-date: /home/weixuan/crazyflie_mapping_demo/ros2_ws/install/crazyflie/share/crazyflie//config/teleop.yaml
[0.377s] -- Up-to-date: /home/weixuan/crazyflie_mapping_demo/ros2_ws/install/crazyflie/share/crazyflie//config/server.yaml
[0.377s] -- Up-to-date: /home/weixuan/crazyflie_mapping_demo/ros2_ws/install/crazyflie/share/crazyflie//config/crazyflies.yaml
[0.377s] -- Up-to-date: /home/weixuan/crazyflie_mapping_demo/ros2_ws/install/crazyflie/share/crazyflie//config/motion_capture.yaml
[0.377s] -- Up-to-date: /home/weixuan/crazyflie_mapping_demo/ros2_ws/install/crazyflie/share/crazyflie//config/aideck_streamer.yaml
[0.377s] -- Up-to-date: /home/weixuan/crazyflie_mapping_demo/ros2_ws/install/crazyflie/share/crazyflie//urdf
[0.377s] -- Up-to-date: /home/weixuan/crazyflie_mapping_demo/ros2_ws/install/crazyflie/share/crazyflie//urdf/cf2_assembly.stl
[0.377s] -- Up-to-date: /home/weixuan/crazyflie_mapping_demo/ros2_ws/install/crazyflie/share/crazyflie//urdf/crazyflie_description.urdf
[0.377s] -- Up-to-date: /home/weixuan/crazyflie_mapping_demo/ros2_ws/install/crazyflie/share/crazyflie//urdf/cf2_assembly_with_props.dae
[0.377s] -- Up-to-date: /home/weixuan/crazyflie_mapping_demo/ros2_ws/install/crazyflie/share/ament_index/resource_index/package_run_dependencies/crazyflie
[0.377s] -- Up-to-date: /home/weixuan/crazyflie_mapping_demo/ros2_ws/install/crazyflie/share/ament_index/resource_index/parent_prefix_path/crazyflie
[0.377s] -- Up-to-date: /home/weixuan/crazyflie_mapping_demo/ros2_ws/install/crazyflie/share/crazyflie/environment/ament_prefix_path.sh
[0.377s] -- Up-to-date: /home/weixuan/crazyflie_mapping_demo/ros2_ws/install/crazyflie/share/crazyflie/environment/ament_prefix_path.dsv
[0.377s] -- Up-to-date: /home/weixuan/crazyflie_mapping_demo/ros2_ws/install/crazyflie/share/crazyflie/environment/path.sh
[0.377s] -- Up-to-date: /home/weixuan/crazyflie_mapping_demo/ros2_ws/install/crazyflie/share/crazyflie/environment/path.dsv
[0.377s] -- Up-to-date: /home/weixuan/crazyflie_mapping_demo/ros2_ws/install/crazyflie/share/crazyflie/local_setup.bash
[0.377s] -- Up-to-date: /home/weixuan/crazyflie_mapping_demo/ros2_ws/install/crazyflie/share/crazyflie/local_setup.sh
[0.377s] -- Up-to-date: /home/weixuan/crazyflie_mapping_demo/ros2_ws/install/crazyflie/share/crazyflie/local_setup.zsh
[0.377s] -- Up-to-date: /home/weixuan/crazyflie_mapping_demo/ros2_ws/install/crazyflie/share/crazyflie/local_setup.dsv
[0.377s] -- Installing: /home/weixuan/crazyflie_mapping_demo/ros2_ws/install/crazyflie/share/crazyflie/package.dsv
[0.377s] -- Up-to-date: /home/weixuan/crazyflie_mapping_demo/ros2_ws/install/crazyflie/share/ament_index/resource_index/packages/crazyflie
[0.377s] -- Up-to-date: /home/weixuan/crazyflie_mapping_demo/ros2_ws/install/crazyflie/share/crazyflie/cmake/crazyflieConfig.cmake
[0.377s] -- Up-to-date: /home/weixuan/crazyflie_mapping_demo/ros2_ws/install/crazyflie/share/crazyflie/cmake/crazyflieConfig-version.cmake
[0.377s] -- Up-to-date: /home/weixuan/crazyflie_mapping_demo/ros2_ws/install/crazyflie/share/crazyflie/package.xml
[0.378s] Invoked command in '/home/weixuan/crazyflie_mapping_demo/ros2_ws/build/crazyflie' returned '0': AMENT_PREFIX_PATH=/home/weixuan/crazyflie_mapping_demo/ros2_ws/install/crazyflie_interfaces:${AMENT_PREFIX_PATH} CMAKE_PREFIX_PATH=/home/weixuan/crazyflie_mapping_demo/ros2_ws/install/crazyflie_interfaces:/opt/ros/humble LD_LIBRARY_PATH=/home/weixuan/crazyflie_mapping_demo/ros2_ws/install/crazyflie_interfaces/lib:${LD_LIBRARY_PATH} PYTHONPATH=/home/weixuan/crazyflie_mapping_demo/ros2_ws/install/crazyflie_interfaces/local/lib/python3.10/dist-packages:${PYTHONPATH} /usr/bin/cmake --install /home/weixuan/crazyflie_mapping_demo/ros2_ws/build/crazyflie
