[0.011s] Invoking command in '/home/weixuan/crazyflie_mapping_demo/ros2_ws/build/ros_gz_crazyflie_gazebo': CMAKE_PREFIX_PATH=/opt/ros/humble /usr/bin/cmake /home/weixuan/crazyflie_mapping_demo/ros2_ws/src/ros_gz_crazyflie/ros_gz_crazyflie_gazebo -DBUILD_TESTING=ON -DCMAKE_INSTALL_PREFIX=/home/weixuan/crazyflie_mapping_demo/ros2_ws/install/ros_gz_crazyflie_gazebo
[0.330s] -- The C compiler identification is GNU 11.4.0
[0.330s] -- The CXX compiler identification is GNU 11.4.0
[0.330s] -- Detecting C compiler ABI info
[0.330s] -- Detecting C compiler ABI info - done
[0.330s] -- Check for working C compiler: /usr/bin/cc - skipped
[0.330s] -- Detecting C compile features
[0.330s] -- Detecting C compile features - done
[0.330s] -- Detecting CXX compiler ABI info
[0.330s] -- Detecting CXX compiler ABI info - done
[0.330s] -- Check for working CXX compiler: /usr/bin/c++ - skipped
[0.330s] -- Detecting CXX compile features
[0.330s] -- Detecting CXX compile features - done
[0.330s] -- Found ament_cmake: 1.3.12 (/opt/ros/humble/share/ament_cmake/cmake)
[0.340s] -- Found Python3: /usr/bin/python3 (found version "3.10.12") found components: Interpreter 
[0.395s] -- Found ament_lint_auto: 0.12.14 (/opt/ros/humble/share/ament_lint_auto/cmake)
[0.453s] -- Configuring done
[0.455s] -- Generating done
[0.456s] -- Build files have been written to: /home/weixuan/crazyflie_mapping_demo/ros2_ws/build/ros_gz_crazyflie_gazebo
[0.477s] Invoked command in '/home/weixuan/crazyflie_mapping_demo/ros2_ws/build/ros_gz_crazyflie_gazebo' returned '0': CMAKE_PREFIX_PATH=/opt/ros/humble /usr/bin/cmake /home/weixuan/crazyflie_mapping_demo/ros2_ws/src/ros_gz_crazyflie/ros_gz_crazyflie_gazebo -DBUILD_TESTING=ON -DCMAKE_INSTALL_PREFIX=/home/weixuan/crazyflie_mapping_demo/ros2_ws/install/ros_gz_crazyflie_gazebo
[0.478s] Invoking command in '/home/weixuan/crazyflie_mapping_demo/ros2_ws/build/ros_gz_crazyflie_gazebo': CMAKE_PREFIX_PATH=/opt/ros/humble /usr/bin/cmake --build /home/weixuan/crazyflie_mapping_demo/ros2_ws/build/ros_gz_crazyflie_gazebo -- -j12 -l12
[0.509s] Invoked command in '/home/weixuan/crazyflie_mapping_demo/ros2_ws/build/ros_gz_crazyflie_gazebo' returned '0': CMAKE_PREFIX_PATH=/opt/ros/humble /usr/bin/cmake --build /home/weixuan/crazyflie_mapping_demo/ros2_ws/build/ros_gz_crazyflie_gazebo -- -j12 -l12
[0.518s] Invoking command in '/home/weixuan/crazyflie_mapping_demo/ros2_ws/build/ros_gz_crazyflie_gazebo': CMAKE_PREFIX_PATH=/opt/ros/humble /usr/bin/cmake --install /home/weixuan/crazyflie_mapping_demo/ros2_ws/build/ros_gz_crazyflie_gazebo
[0.524s] -- Install configuration: ""
[0.525s] -- Installing: /home/weixuan/crazyflie_mapping_demo/ros2_ws/install/ros_gz_crazyflie_gazebo/share/ros_gz_crazyflie_gazebo/worlds
[0.525s] -- Installing: /home/weixuan/crazyflie_mapping_demo/ros2_ws/install/ros_gz_crazyflie_gazebo/share/ros_gz_crazyflie_gazebo/worlds/crazyflie_world.sdf
[0.525s] -- Installing: /home/weixuan/crazyflie_mapping_demo/ros2_ws/install/ros_gz_crazyflie_gazebo/share/ament_index/resource_index/package_run_dependencies/ros_gz_crazyflie_gazebo
[0.525s] -- Installing: /home/weixuan/crazyflie_mapping_demo/ros2_ws/install/ros_gz_crazyflie_gazebo/share/ament_index/resource_index/parent_prefix_path/ros_gz_crazyflie_gazebo
[0.525s] -- Installing: /home/weixuan/crazyflie_mapping_demo/ros2_ws/install/ros_gz_crazyflie_gazebo/share/ros_gz_crazyflie_gazebo/environment/ament_prefix_path.sh
[0.525s] -- Installing: /home/weixuan/crazyflie_mapping_demo/ros2_ws/install/ros_gz_crazyflie_gazebo/share/ros_gz_crazyflie_gazebo/environment/ament_prefix_path.dsv
[0.525s] -- Installing: /home/weixuan/crazyflie_mapping_demo/ros2_ws/install/ros_gz_crazyflie_gazebo/share/ros_gz_crazyflie_gazebo/environment/path.sh
[0.525s] -- Installing: /home/weixuan/crazyflie_mapping_demo/ros2_ws/install/ros_gz_crazyflie_gazebo/share/ros_gz_crazyflie_gazebo/environment/path.dsv
[0.525s] -- Installing: /home/weixuan/crazyflie_mapping_demo/ros2_ws/install/ros_gz_crazyflie_gazebo/share/ros_gz_crazyflie_gazebo/local_setup.bash
[0.525s] -- Installing: /home/weixuan/crazyflie_mapping_demo/ros2_ws/install/ros_gz_crazyflie_gazebo/share/ros_gz_crazyflie_gazebo/local_setup.sh
[0.526s] -- Installing: /home/weixuan/crazyflie_mapping_demo/ros2_ws/install/ros_gz_crazyflie_gazebo/share/ros_gz_crazyflie_gazebo/local_setup.zsh
[0.526s] -- Installing: /home/weixuan/crazyflie_mapping_demo/ros2_ws/install/ros_gz_crazyflie_gazebo/share/ros_gz_crazyflie_gazebo/local_setup.dsv
[0.526s] -- Installing: /home/weixuan/crazyflie_mapping_demo/ros2_ws/install/ros_gz_crazyflie_gazebo/share/ros_gz_crazyflie_gazebo/package.dsv
[0.526s] -- Installing: /home/weixuan/crazyflie_mapping_demo/ros2_ws/install/ros_gz_crazyflie_gazebo/share/ament_index/resource_index/packages/ros_gz_crazyflie_gazebo
[0.526s] -- Installing: /home/weixuan/crazyflie_mapping_demo/ros2_ws/install/ros_gz_crazyflie_gazebo/share/ros_gz_crazyflie_gazebo/cmake/ros_gz_crazyflie_gazeboConfig.cmake
[0.526s] -- Installing: /home/weixuan/crazyflie_mapping_demo/ros2_ws/install/ros_gz_crazyflie_gazebo/share/ros_gz_crazyflie_gazebo/cmake/ros_gz_crazyflie_gazeboConfig-version.cmake
[0.526s] -- Installing: /home/weixuan/crazyflie_mapping_demo/ros2_ws/install/ros_gz_crazyflie_gazebo/share/ros_gz_crazyflie_gazebo/package.xml
[0.528s] Invoked command in '/home/weixuan/crazyflie_mapping_demo/ros2_ws/build/ros_gz_crazyflie_gazebo' returned '0': CMAKE_PREFIX_PATH=/opt/ros/humble /usr/bin/cmake --install /home/weixuan/crazyflie_mapping_demo/ros2_ws/build/ros_gz_crazyflie_gazebo
