[0.336s] Invoking command in '/home/weixuan/crazyflie_mapping_demo/ros2_ws/src/crazyswarm2/crazyflie_py': AMENT_PREFIX_PATH=/home/weixuan/crazyflie_mapping_demo/ros2_ws/install/crazyflie_interfaces:${AMENT_PREFIX_PATH} CMAKE_PREFIX_PATH=/home/weixuan/crazyflie_mapping_demo/ros2_ws/install/crazyflie_interfaces LD_LIBRARY_PATH=/home/weixuan/crazyflie_mapping_demo/ros2_ws/install/crazyflie_interfaces/lib:${LD_LIBRARY_PATH} PYTHONPATH=/home/weixuan/crazyflie_mapping_demo/ros2_ws/build/crazyflie_py/prefix_override:/usr/lib/python3/dist-packages/colcon_core/task/python/colcon_distutils_commands:/home/weixuan/crazyflie_mapping_demo/ros2_ws/install/crazyflie_py/lib/python3.10/site-packages:/home/weixuan/crazyflie_mapping_demo/ros2_ws/install/crazyflie_interfaces/local/lib/python3.10/dist-packages:${PYTHONPATH} /usr/bin/python3 -W ignore:setup.py install is deprecated -W ignore:easy_install command is deprecated setup.py egg_info --egg-base ../../../build/crazyflie_py build --build-base /home/weixuan/crazyflie_mapping_demo/ros2_ws/build/crazyflie_py/build install --record /home/weixuan/crazyflie_mapping_demo/ros2_ws/build/crazyflie_py/install.log --single-version-externally-managed install_data
[0.503s] running egg_info
[0.503s] creating ../../../build/crazyflie_py/crazyflie_py.egg-info
[0.503s] writing ../../../build/crazyflie_py/crazyflie_py.egg-info/PKG-INFO
[0.504s] writing dependency_links to ../../../build/crazyflie_py/crazyflie_py.egg-info/dependency_links.txt
[0.504s] writing entry points to ../../../build/crazyflie_py/crazyflie_py.egg-info/entry_points.txt
[0.504s] writing requirements to ../../../build/crazyflie_py/crazyflie_py.egg-info/requires.txt
[0.504s] writing top-level names to ../../../build/crazyflie_py/crazyflie_py.egg-info/top_level.txt
[0.504s] writing manifest file '../../../build/crazyflie_py/crazyflie_py.egg-info/SOURCES.txt'
[0.505s] reading manifest file '../../../build/crazyflie_py/crazyflie_py.egg-info/SOURCES.txt'
[0.505s] writing manifest file '../../../build/crazyflie_py/crazyflie_py.egg-info/SOURCES.txt'
[0.505s] running build
[0.505s] running build_py
[0.505s] creating /home/weixuan/crazyflie_mapping_demo/ros2_ws/build/crazyflie_py/build
[0.505s] creating /home/weixuan/crazyflie_mapping_demo/ros2_ws/build/crazyflie_py/build/lib
[0.506s] creating /home/weixuan/crazyflie_mapping_demo/ros2_ws/build/crazyflie_py/build/lib/crazyflie_py
[0.506s] copying crazyflie_py/linuxjsdev.py -> /home/weixuan/crazyflie_mapping_demo/ros2_ws/build/crazyflie_py/build/lib/crazyflie_py
[0.506s] copying crazyflie_py/keyboard.py -> /home/weixuan/crazyflie_mapping_demo/ros2_ws/build/crazyflie_py/build/lib/crazyflie_py
[0.506s] copying crazyflie_py/genericJoystick.py -> /home/weixuan/crazyflie_mapping_demo/ros2_ws/build/crazyflie_py/build/lib/crazyflie_py
[0.506s] copying crazyflie_py/__init__.py -> /home/weixuan/crazyflie_mapping_demo/ros2_ws/build/crazyflie_py/build/lib/crazyflie_py
[0.506s] copying crazyflie_py/crazyswarm_py.py -> /home/weixuan/crazyflie_mapping_demo/ros2_ws/build/crazyflie_py/build/lib/crazyflie_py
[0.506s] copying crazyflie_py/joystick.py -> /home/weixuan/crazyflie_mapping_demo/ros2_ws/build/crazyflie_py/build/lib/crazyflie_py
[0.506s] copying crazyflie_py/crazyflie.py -> /home/weixuan/crazyflie_mapping_demo/ros2_ws/build/crazyflie_py/build/lib/crazyflie_py
[0.506s] copying crazyflie_py/util.py -> /home/weixuan/crazyflie_mapping_demo/ros2_ws/build/crazyflie_py/build/lib/crazyflie_py
[0.506s] copying crazyflie_py/uav_trajectory.py -> /home/weixuan/crazyflie_mapping_demo/ros2_ws/build/crazyflie_py/build/lib/crazyflie_py
[0.506s] running install
[0.506s] running install_lib
[0.506s] creating /home/weixuan/crazyflie_mapping_demo/ros2_ws/install/crazyflie_py/lib/python3.10/site-packages/crazyflie_py
[0.507s] copying /home/weixuan/crazyflie_mapping_demo/ros2_ws/build/crazyflie_py/build/lib/crazyflie_py/linuxjsdev.py -> /home/weixuan/crazyflie_mapping_demo/ros2_ws/install/crazyflie_py/lib/python3.10/site-packages/crazyflie_py
[0.507s] copying /home/weixuan/crazyflie_mapping_demo/ros2_ws/build/crazyflie_py/build/lib/crazyflie_py/keyboard.py -> /home/weixuan/crazyflie_mapping_demo/ros2_ws/install/crazyflie_py/lib/python3.10/site-packages/crazyflie_py
[0.507s] copying /home/weixuan/crazyflie_mapping_demo/ros2_ws/build/crazyflie_py/build/lib/crazyflie_py/genericJoystick.py -> /home/weixuan/crazyflie_mapping_demo/ros2_ws/install/crazyflie_py/lib/python3.10/site-packages/crazyflie_py
[0.507s] copying /home/weixuan/crazyflie_mapping_demo/ros2_ws/build/crazyflie_py/build/lib/crazyflie_py/__init__.py -> /home/weixuan/crazyflie_mapping_demo/ros2_ws/install/crazyflie_py/lib/python3.10/site-packages/crazyflie_py
[0.507s] copying /home/weixuan/crazyflie_mapping_demo/ros2_ws/build/crazyflie_py/build/lib/crazyflie_py/crazyswarm_py.py -> /home/weixuan/crazyflie_mapping_demo/ros2_ws/install/crazyflie_py/lib/python3.10/site-packages/crazyflie_py
[0.507s] copying /home/weixuan/crazyflie_mapping_demo/ros2_ws/build/crazyflie_py/build/lib/crazyflie_py/joystick.py -> /home/weixuan/crazyflie_mapping_demo/ros2_ws/install/crazyflie_py/lib/python3.10/site-packages/crazyflie_py
[0.507s] copying /home/weixuan/crazyflie_mapping_demo/ros2_ws/build/crazyflie_py/build/lib/crazyflie_py/crazyflie.py -> /home/weixuan/crazyflie_mapping_demo/ros2_ws/install/crazyflie_py/lib/python3.10/site-packages/crazyflie_py
[0.507s] copying /home/weixuan/crazyflie_mapping_demo/ros2_ws/build/crazyflie_py/build/lib/crazyflie_py/util.py -> /home/weixuan/crazyflie_mapping_demo/ros2_ws/install/crazyflie_py/lib/python3.10/site-packages/crazyflie_py
[0.507s] copying /home/weixuan/crazyflie_mapping_demo/ros2_ws/build/crazyflie_py/build/lib/crazyflie_py/uav_trajectory.py -> /home/weixuan/crazyflie_mapping_demo/ros2_ws/install/crazyflie_py/lib/python3.10/site-packages/crazyflie_py
[0.507s] byte-compiling /home/weixuan/crazyflie_mapping_demo/ros2_ws/install/crazyflie_py/lib/python3.10/site-packages/crazyflie_py/linuxjsdev.py to linuxjsdev.cpython-310.pyc
[0.508s] byte-compiling /home/weixuan/crazyflie_mapping_demo/ros2_ws/install/crazyflie_py/lib/python3.10/site-packages/crazyflie_py/keyboard.py to keyboard.cpython-310.pyc
[0.508s] byte-compiling /home/weixuan/crazyflie_mapping_demo/ros2_ws/install/crazyflie_py/lib/python3.10/site-packages/crazyflie_py/genericJoystick.py to genericJoystick.cpython-310.pyc
[0.509s] byte-compiling /home/weixuan/crazyflie_mapping_demo/ros2_ws/install/crazyflie_py/lib/python3.10/site-packages/crazyflie_py/__init__.py to __init__.cpython-310.pyc
[0.509s] byte-compiling /home/weixuan/crazyflie_mapping_demo/ros2_ws/install/crazyflie_py/lib/python3.10/site-packages/crazyflie_py/crazyswarm_py.py to crazyswarm_py.cpython-310.pyc
[0.509s] byte-compiling /home/weixuan/crazyflie_mapping_demo/ros2_ws/install/crazyflie_py/lib/python3.10/site-packages/crazyflie_py/joystick.py to joystick.cpython-310.pyc
[0.509s] byte-compiling /home/weixuan/crazyflie_mapping_demo/ros2_ws/install/crazyflie_py/lib/python3.10/site-packages/crazyflie_py/crazyflie.py to crazyflie.cpython-310.pyc
[0.511s] byte-compiling /home/weixuan/crazyflie_mapping_demo/ros2_ws/install/crazyflie_py/lib/python3.10/site-packages/crazyflie_py/util.py to util.cpython-310.pyc
[0.512s] byte-compiling /home/weixuan/crazyflie_mapping_demo/ros2_ws/install/crazyflie_py/lib/python3.10/site-packages/crazyflie_py/uav_trajectory.py to uav_trajectory.cpython-310.pyc
[0.512s] running install_data
[0.512s] creating /home/weixuan/crazyflie_mapping_demo/ros2_ws/install/crazyflie_py/share/ament_index
[0.512s] creating /home/weixuan/crazyflie_mapping_demo/ros2_ws/install/crazyflie_py/share/ament_index/resource_index
[0.512s] creating /home/weixuan/crazyflie_mapping_demo/ros2_ws/install/crazyflie_py/share/ament_index/resource_index/packages
[0.512s] copying resource/crazyflie_py -> /home/weixuan/crazyflie_mapping_demo/ros2_ws/install/crazyflie_py/share/ament_index/resource_index/packages
[0.512s] copying package.xml -> /home/weixuan/crazyflie_mapping_demo/ros2_ws/install/crazyflie_py/share/crazyflie_py
[0.513s] running install_egg_info
[0.514s] Copying ../../../build/crazyflie_py/crazyflie_py.egg-info to /home/weixuan/crazyflie_mapping_demo/ros2_ws/install/crazyflie_py/lib/python3.10/site-packages/crazyflie_py-1.0.3-py3.10.egg-info
[0.514s] running install_scripts
[0.526s] writing list of installed files to '/home/weixuan/crazyflie_mapping_demo/ros2_ws/build/crazyflie_py/install.log'
[0.544s] Invoked command in '/home/weixuan/crazyflie_mapping_demo/ros2_ws/src/crazyswarm2/crazyflie_py' returned '0': AMENT_PREFIX_PATH=/home/weixuan/crazyflie_mapping_demo/ros2_ws/install/crazyflie_interfaces:${AMENT_PREFIX_PATH} CMAKE_PREFIX_PATH=/home/weixuan/crazyflie_mapping_demo/ros2_ws/install/crazyflie_interfaces LD_LIBRARY_PATH=/home/weixuan/crazyflie_mapping_demo/ros2_ws/install/crazyflie_interfaces/lib:${LD_LIBRARY_PATH} PYTHONPATH=/home/weixuan/crazyflie_mapping_demo/ros2_ws/build/crazyflie_py/prefix_override:/usr/lib/python3/dist-packages/colcon_core/task/python/colcon_distutils_commands:/home/weixuan/crazyflie_mapping_demo/ros2_ws/install/crazyflie_py/lib/python3.10/site-packages:/home/weixuan/crazyflie_mapping_demo/ros2_ws/install/crazyflie_interfaces/local/lib/python3.10/dist-packages:${PYTHONPATH} /usr/bin/python3 -W ignore:setup.py install is deprecated -W ignore:easy_install command is deprecated setup.py egg_info --egg-base ../../../build/crazyflie_py build --build-base /home/weixuan/crazyflie_mapping_demo/ros2_ws/build/crazyflie_py/build install --record /home/weixuan/crazyflie_mapping_demo/ros2_ws/build/crazyflie_py/install.log --single-version-externally-managed install_data
