[0.198s] Invoking command in '/home/weixuan/crazyflie_mapping_demo/ros2_ws/build/crazyflie': CMAKE_PREFIX_PATH=/home/weixuan/crazyflie_mapping_demo/ros2_ws/install/crazyflie_interfaces:/home/weixuan/crazyflie_mapping_demo/ros2_ws/install/crazyflie_ros2_multiranger_bringup:/home/weixuan/crazyflie_mapping_demo/ros2_ws/install/ros_gz_crazyflie_bringup:/home/weixuan/crazyflie_mapping_demo/ros2_ws/install/ros_gz_crazyflie_gazebo:/home/weixuan/crazyflie_mapping_demo/ros2_ws/install/crazyflie_sim:/home/weixuan/crazyflie_mapping_demo/ros2_ws/install/crazyflie_examples:/home/weixuan/crazyflie_mapping_demo/ros2_ws/install/crazyflie:/home/weixuan/crazyflie_mapping_demo/ros2_ws/install/ros_gz_crazyflie_control:/home/weixuan/crazyflie_mapping_demo/ros2_ws/install/crazyflie_ros2_multiranger_wall_following:/home/weixuan/crazyflie_mapping_demo/ros2_ws/install/crazyflie_ros2_multiranger_simple_mapper:/home/weixuan/crazyflie_mapping_demo/ros2_ws/install/crazyflie_py:/opt/ros/humble /usr/bin/cmake --build /home/weixuan/crazyflie_mapping_demo/ros2_ws/build/crazyflie -- -j12 -l12
[0.254s] [ 22%] Built target crazyflieLinkCpp
[0.259s] [ 27%] Built target teleop
[0.274s] [ 35%] Built target crazyflie_cpp
[0.310s] [ 40%] Built target listMemories
[0.314s] [ 45%] Built target scan
[0.320s] [ 50%] Built target crazyflie_server
[0.322s] [ 55%] Built target listParams
[0.324s] [ 60%] Built target listLogVariables
[0.326s] [ 65%] Built target battery
[0.332s] [ 70%] Built target reboot
[0.335s] [ 75%] Built target console
[0.335s] [ 82%] Built target downloadUSDLogfile
[0.335s] [ 85%] Built target comCheck
[0.335s] [ 95%] Built target version
[0.335s] [ 92%] Built target log
[0.353s] [100%] Built target setParam
[0.364s] Invoked command in '/home/weixuan/crazyflie_mapping_demo/ros2_ws/build/crazyflie' returned '0': CMAKE_PREFIX_PATH=/home/weixuan/crazyflie_mapping_demo/ros2_ws/install/crazyflie_interfaces:/home/weixuan/crazyflie_mapping_demo/ros2_ws/install/crazyflie_ros2_multiranger_bringup:/home/weixuan/crazyflie_mapping_demo/ros2_ws/install/ros_gz_crazyflie_bringup:/home/weixuan/crazyflie_mapping_demo/ros2_ws/install/ros_gz_crazyflie_gazebo:/home/weixuan/crazyflie_mapping_demo/ros2_ws/install/crazyflie_sim:/home/weixuan/crazyflie_mapping_demo/ros2_ws/install/crazyflie_examples:/home/weixuan/crazyflie_mapping_demo/ros2_ws/install/crazyflie:/home/weixuan/crazyflie_mapping_demo/ros2_ws/install/ros_gz_crazyflie_control:/home/weixuan/crazyflie_mapping_demo/ros2_ws/install/crazyflie_ros2_multiranger_wall_following:/home/weixuan/crazyflie_mapping_demo/ros2_ws/install/crazyflie_ros2_multiranger_simple_mapper:/home/weixuan/crazyflie_mapping_demo/ros2_ws/install/crazyflie_py:/opt/ros/humble /usr/bin/cmake --build /home/weixuan/crazyflie_mapping_demo/ros2_ws/build/crazyflie -- -j12 -l12
[0.366s] Invoking command in '/home/weixuan/crazyflie_mapping_demo/ros2_ws/build/crazyflie': CMAKE_PREFIX_PATH=/home/weixuan/crazyflie_mapping_demo/ros2_ws/install/crazyflie_interfaces:/home/weixuan/crazyflie_mapping_demo/ros2_ws/install/crazyflie_ros2_multiranger_bringup:/home/weixuan/crazyflie_mapping_demo/ros2_ws/install/ros_gz_crazyflie_bringup:/home/weixuan/crazyflie_mapping_demo/ros2_ws/install/ros_gz_crazyflie_gazebo:/home/weixuan/crazyflie_mapping_demo/ros2_ws/install/crazyflie_sim:/home/weixuan/crazyflie_mapping_demo/ros2_ws/install/crazyflie_examples:/home/weixuan/crazyflie_mapping_demo/ros2_ws/install/crazyflie:/home/weixuan/crazyflie_mapping_demo/ros2_ws/install/ros_gz_crazyflie_control:/home/weixuan/crazyflie_mapping_demo/ros2_ws/install/crazyflie_ros2_multiranger_wall_following:/home/weixuan/crazyflie_mapping_demo/ros2_ws/install/crazyflie_ros2_multiranger_simple_mapper:/home/weixuan/crazyflie_mapping_demo/ros2_ws/install/crazyflie_py:/opt/ros/humble /usr/bin/cmake --install /home/weixuan/crazyflie_mapping_demo/ros2_ws/build/crazyflie
[0.373s] -- Install configuration: ""
[0.373s] -- Up-to-date: /home/weixuan/crazyflie_mapping_demo/ros2_ws/install/crazyflie/lib/crazyflie/comCheck
[0.373s] -- Up-to-date: /home/weixuan/crazyflie_mapping_demo/ros2_ws/install/crazyflie/lib/crazyflie/scan
[0.373s] -- Up-to-date: /home/weixuan/crazyflie_mapping_demo/ros2_ws/install/crazyflie/lib/crazyflie/listParams
[0.373s] -- Up-to-date: /home/weixuan/crazyflie_mapping_demo/ros2_ws/install/crazyflie/lib/crazyflie/listLogVariables
[0.374s] -- Up-to-date: /home/weixuan/crazyflie_mapping_demo/ros2_ws/install/crazyflie/lib/crazyflie/listMemories
[0.374s] -- Up-to-date: /home/weixuan/crazyflie_mapping_demo/ros2_ws/install/crazyflie/lib/crazyflie/reboot
[0.374s] -- Up-to-date: /home/weixuan/crazyflie_mapping_demo/ros2_ws/install/crazyflie/lib/crazyflie/battery
[0.374s] -- Up-to-date: /home/weixuan/crazyflie_mapping_demo/ros2_ws/install/crazyflie/lib/crazyflie/version
[0.374s] -- Up-to-date: /home/weixuan/crazyflie_mapping_demo/ros2_ws/install/crazyflie/lib/crazyflie/console
[0.374s] -- Up-to-date: /home/weixuan/crazyflie_mapping_demo/ros2_ws/install/crazyflie/lib/crazyflie/log
[0.375s] -- Up-to-date: /home/weixuan/crazyflie_mapping_demo/ros2_ws/install/crazyflie/lib/crazyflie/setParam
[0.375s] -- Up-to-date: /home/weixuan/crazyflie_mapping_demo/ros2_ws/install/crazyflie/lib/crazyflie/downloadUSDLogfile
[0.375s] -- Up-to-date: /home/weixuan/crazyflie_mapping_demo/ros2_ws/install/crazyflie/lib/crazyflie/teleop
[0.375s] -- Up-to-date: /home/weixuan/crazyflie_mapping_demo/ros2_ws/install/crazyflie/lib/crazyflie/crazyflie_server
[0.375s] -- Up-to-date: /home/weixuan/crazyflie_mapping_demo/ros2_ws/install/crazyflie/lib/crazyflie/crazyflie_server.py
[0.375s] -- Up-to-date: /home/weixuan/crazyflie_mapping_demo/ros2_ws/install/crazyflie/lib/crazyflie/chooser.py
[0.375s] -- Up-to-date: /home/weixuan/crazyflie_mapping_demo/ros2_ws/install/crazyflie/lib/crazyflie/vel_mux.py
[0.376s] -- Up-to-date: /home/weixuan/crazyflie_mapping_demo/ros2_ws/install/crazyflie/lib/crazyflie/cfmult.py
[0.376s] -- Up-to-date: /home/weixuan/crazyflie_mapping_demo/ros2_ws/install/crazyflie/lib/crazyflie/simple_mapper_multiranger.py
[0.376s] -- Up-to-date: /home/weixuan/crazyflie_mapping_demo/ros2_ws/install/crazyflie/lib/crazyflie/aideck_streamer.py
[0.376s] -- Up-to-date: /home/weixuan/crazyflie_mapping_demo/ros2_ws/install/crazyflie/lib/crazyflie/gui.py
[0.376s] -- Up-to-date: /home/weixuan/crazyflie_mapping_demo/ros2_ws/install/crazyflie/lib/crazyflie/flash.py
[0.376s] -- Up-to-date: /home/weixuan/crazyflie_mapping_demo/ros2_ws/install/crazyflie/share/crazyflie//launch
[0.376s] -- Up-to-date: /home/weixuan/crazyflie_mapping_demo/ros2_ws/install/crazyflie/share/crazyflie//launch/launch.py
[0.376s] -- Up-to-date: /home/weixuan/crazyflie_mapping_demo/ros2_ws/install/crazyflie/share/crazyflie//launch/teleop_launch.py
[0.376s] -- Up-to-date: /home/weixuan/crazyflie_mapping_demo/ros2_ws/install/crazyflie/share/crazyflie//launch/launch_teleop2.py
[0.376s] -- Up-to-date: /home/weixuan/crazyflie_mapping_demo/ros2_ws/install/crazyflie/share/crazyflie//config
[0.376s] -- Up-to-date: /home/weixuan/crazyflie_mapping_demo/ros2_ws/install/crazyflie/share/crazyflie//config/config.rviz
[0.376s] -- Up-to-date: /home/weixuan/crazyflie_mapping_demo/ros2_ws/install/crazyflie/share/crazyflie//config/teleop.yaml
[0.376s] -- Up-to-date: /home/weixuan/crazyflie_mapping_demo/ros2_ws/install/crazyflie/share/crazyflie//config/server.yaml
[0.377s] -- Up-to-date: /home/weixuan/crazyflie_mapping_demo/ros2_ws/install/crazyflie/share/crazyflie//config/crazyflies.yaml
[0.377s] -- Up-to-date: /home/weixuan/crazyflie_mapping_demo/ros2_ws/install/crazyflie/share/crazyflie//config/motion_capture.yaml
[0.377s] -- Up-to-date: /home/weixuan/crazyflie_mapping_demo/ros2_ws/install/crazyflie/share/crazyflie//config/aideck_streamer.yaml
[0.377s] -- Up-to-date: /home/weixuan/crazyflie_mapping_demo/ros2_ws/install/crazyflie/share/crazyflie//urdf
[0.377s] -- Up-to-date: /home/weixuan/crazyflie_mapping_demo/ros2_ws/install/crazyflie/share/crazyflie//urdf/cf2_assembly.stl
[0.377s] -- Up-to-date: /home/weixuan/crazyflie_mapping_demo/ros2_ws/install/crazyflie/share/crazyflie//urdf/crazyflie_description.urdf
[0.377s] -- Up-to-date: /home/weixuan/crazyflie_mapping_demo/ros2_ws/install/crazyflie/share/crazyflie//urdf/cf2_assembly_with_props.dae
[0.377s] -- Up-to-date: /home/weixuan/crazyflie_mapping_demo/ros2_ws/install/crazyflie/share/ament_index/resource_index/package_run_dependencies/crazyflie
[0.377s] -- Up-to-date: /home/weixuan/crazyflie_mapping_demo/ros2_ws/install/crazyflie/share/ament_index/resource_index/parent_prefix_path/crazyflie
[0.377s] -- Up-to-date: /home/weixuan/crazyflie_mapping_demo/ros2_ws/install/crazyflie/share/crazyflie/environment/ament_prefix_path.sh
[0.377s] -- Up-to-date: /home/weixuan/crazyflie_mapping_demo/ros2_ws/install/crazyflie/share/crazyflie/environment/ament_prefix_path.dsv
[0.377s] -- Up-to-date: /home/weixuan/crazyflie_mapping_demo/ros2_ws/install/crazyflie/share/crazyflie/environment/path.sh
[0.377s] -- Up-to-date: /home/weixuan/crazyflie_mapping_demo/ros2_ws/install/crazyflie/share/crazyflie/environment/path.dsv
[0.378s] -- Up-to-date: /home/weixuan/crazyflie_mapping_demo/ros2_ws/install/crazyflie/share/crazyflie/local_setup.bash
[0.378s] -- Up-to-date: /home/weixuan/crazyflie_mapping_demo/ros2_ws/install/crazyflie/share/crazyflie/local_setup.sh
[0.378s] -- Up-to-date: /home/weixuan/crazyflie_mapping_demo/ros2_ws/install/crazyflie/share/crazyflie/local_setup.zsh
[0.378s] -- Up-to-date: /home/weixuan/crazyflie_mapping_demo/ros2_ws/install/crazyflie/share/crazyflie/local_setup.dsv
[0.378s] -- Installing: /home/weixuan/crazyflie_mapping_demo/ros2_ws/install/crazyflie/share/crazyflie/package.dsv
[0.378s] -- Up-to-date: /home/weixuan/crazyflie_mapping_demo/ros2_ws/install/crazyflie/share/ament_index/resource_index/packages/crazyflie
[0.378s] -- Up-to-date: /home/weixuan/crazyflie_mapping_demo/ros2_ws/install/crazyflie/share/crazyflie/cmake/crazyflieConfig.cmake
[0.378s] -- Up-to-date: /home/weixuan/crazyflie_mapping_demo/ros2_ws/install/crazyflie/share/crazyflie/cmake/crazyflieConfig-version.cmake
[0.378s] -- Up-to-date: /home/weixuan/crazyflie_mapping_demo/ros2_ws/install/crazyflie/share/crazyflie/package.xml
[0.379s] Invoked command in '/home/weixuan/crazyflie_mapping_demo/ros2_ws/build/crazyflie' returned '0': CMAKE_PREFIX_PATH=/home/weixuan/crazyflie_mapping_demo/ros2_ws/install/crazyflie_interfaces:/home/weixuan/crazyflie_mapping_demo/ros2_ws/install/crazyflie_ros2_multiranger_bringup:/home/weixuan/crazyflie_mapping_demo/ros2_ws/install/ros_gz_crazyflie_bringup:/home/weixuan/crazyflie_mapping_demo/ros2_ws/install/ros_gz_crazyflie_gazebo:/home/weixuan/crazyflie_mapping_demo/ros2_ws/install/crazyflie_sim:/home/weixuan/crazyflie_mapping_demo/ros2_ws/install/crazyflie_examples:/home/weixuan/crazyflie_mapping_demo/ros2_ws/install/crazyflie:/home/weixuan/crazyflie_mapping_demo/ros2_ws/install/ros_gz_crazyflie_control:/home/weixuan/crazyflie_mapping_demo/ros2_ws/install/crazyflie_ros2_multiranger_wall_following:/home/weixuan/crazyflie_mapping_demo/ros2_ws/install/crazyflie_ros2_multiranger_simple_mapper:/home/weixuan/crazyflie_mapping_demo/ros2_ws/install/crazyflie_py:/opt/ros/humble /usr/bin/cmake --install /home/weixuan/crazyflie_mapping_demo/ros2_ws/build/crazyflie
