[0.857s] Invoking command in '/home/weixuan/crazyflie_mapping_demo/ros2_ws/src/crazyswarm2/crazyflie_py': CMAKE_PREFIX_PATH=/home/weixuan/crazyflie_mapping_demo/ros2_ws/install/crazyflie_interfaces:/home/weixuan/crazyflie_mapping_demo/ros2_ws/install/crazyflie_ros2_multiranger_bringup:/home/weixuan/crazyflie_mapping_demo/ros2_ws/install/ros_gz_crazyflie_bringup:/home/weixuan/crazyflie_mapping_demo/ros2_ws/install/ros_gz_crazyflie_gazebo:/home/weixuan/crazyflie_mapping_demo/ros2_ws/install/crazyflie_sim:/home/weixuan/crazyflie_mapping_demo/ros2_ws/install/crazyflie_examples:/home/weixuan/crazyflie_mapping_demo/ros2_ws/install/crazyflie PYTHONPATH=/home/weixuan/crazyflie_mapping_demo/ros2_ws/build/crazyflie_py/prefix_override:/usr/lib/python3/dist-packages/colcon_core/task/python/colcon_distutils_commands:/home/weixuan/crazyflie_mapping_demo/ros2_ws/install/crazyflie_py/lib/python3.10/site-packages:${PYTHONPATH} /usr/bin/python3 -W ignore:setup.py install is deprecated -W ignore:easy_install command is deprecated setup.py egg_info --egg-base ../../../build/crazyflie_py build --build-base /home/weixuan/crazyflie_mapping_demo/ros2_ws/build/crazyflie_py/build install --record /home/weixuan/crazyflie_mapping_demo/ros2_ws/build/crazyflie_py/install.log --single-version-externally-managed install_data
[1.064s] running egg_info
[1.064s] writing ../../../build/crazyflie_py/crazyflie_py.egg-info/PKG-INFO
[1.064s] writing dependency_links to ../../../build/crazyflie_py/crazyflie_py.egg-info/dependency_links.txt
[1.064s] writing entry points to ../../../build/crazyflie_py/crazyflie_py.egg-info/entry_points.txt
[1.064s] writing requirements to ../../../build/crazyflie_py/crazyflie_py.egg-info/requires.txt
[1.064s] writing top-level names to ../../../build/crazyflie_py/crazyflie_py.egg-info/top_level.txt
[1.066s] reading manifest file '../../../build/crazyflie_py/crazyflie_py.egg-info/SOURCES.txt'
[1.068s] writing manifest file '../../../build/crazyflie_py/crazyflie_py.egg-info/SOURCES.txt'
[1.068s] running build
[1.068s] running build_py
[1.068s] running install
[1.069s] running install_lib
[1.070s] running install_data
[1.070s] running install_egg_info
[1.073s] removing '/home/weixuan/crazyflie_mapping_demo/ros2_ws/install/crazyflie_py/lib/python3.10/site-packages/crazyflie_py-1.0.3-py3.10.egg-info' (and everything under it)
[1.073s] Copying ../../../build/crazyflie_py/crazyflie_py.egg-info to /home/weixuan/crazyflie_mapping_demo/ros2_ws/install/crazyflie_py/lib/python3.10/site-packages/crazyflie_py-1.0.3-py3.10.egg-info
[1.073s] running install_scripts
[1.088s] writing list of installed files to '/home/weixuan/crazyflie_mapping_demo/ros2_ws/build/crazyflie_py/install.log'
[1.116s] Invoked command in '/home/weixuan/crazyflie_mapping_demo/ros2_ws/src/crazyswarm2/crazyflie_py' returned '0': CMAKE_PREFIX_PATH=/home/weixuan/crazyflie_mapping_demo/ros2_ws/install/crazyflie_interfaces:/home/weixuan/crazyflie_mapping_demo/ros2_ws/install/crazyflie_ros2_multiranger_bringup:/home/weixuan/crazyflie_mapping_demo/ros2_ws/install/ros_gz_crazyflie_bringup:/home/weixuan/crazyflie_mapping_demo/ros2_ws/install/ros_gz_crazyflie_gazebo:/home/weixuan/crazyflie_mapping_demo/ros2_ws/install/crazyflie_sim:/home/weixuan/crazyflie_mapping_demo/ros2_ws/install/crazyflie_examples:/home/weixuan/crazyflie_mapping_demo/ros2_ws/install/crazyflie PYTHONPATH=/home/weixuan/crazyflie_mapping_demo/ros2_ws/build/crazyflie_py/prefix_override:/usr/lib/python3/dist-packages/colcon_core/task/python/colcon_distutils_commands:/home/weixuan/crazyflie_mapping_demo/ros2_ws/install/crazyflie_py/lib/python3.10/site-packages:${PYTHONPATH} /usr/bin/python3 -W ignore:setup.py install is deprecated -W ignore:easy_install command is deprecated setup.py egg_info --egg-base ../../../build/crazyflie_py build --build-base /home/weixuan/crazyflie_mapping_demo/ros2_ws/build/crazyflie_py/build install --record /home/weixuan/crazyflie_mapping_demo/ros2_ws/build/crazyflie_py/install.log --single-version-externally-managed install_data
